2024-03-26 13:01:58,326 - INFO - Opening ZIP/OpenXML file C:\Users\ricewater\Documents\paper_malware_doc\malware_samples\00201c81ddac90753e561427e62f3a4d7149bcb39437c6d6a2da7ccf6a832004\00201c81ddac90753e561427e62f3a4d7149bcb39437c6d6a2da7ccf6a832004
2024-03-26 13:01:58,327 - INFO - Opening OLE file word/vbaProject.bin
2024-03-26 13:01:58,327 - INFO - Check whether OLE file is PPT
2024-03-26 13:01:58,327 - INFO - Opening ZIP/OpenXML file C:\Users\ricewater\Documents\paper_malware_doc\malware_samples\00201c81ddac90753e561427e62f3a4d7149bcb39437c6d6a2da7ccf6a832004\00201c81ddac90753e561427e62f3a4d7149bcb39437c6d6a2da7ccf6a832004
2024-03-26 13:01:58,327 - INFO - Opening OLE file C:\Users\ricewater\Documents\paper_malware_doc\malware_samples\0023c0768a94229c01fc43c29f422d55a0c48c6dcadbedc093bc21ffe0034ef9\0023c0768a94229c01fc43c29f422d55a0c48c6dcadbedc093bc21ffe0034ef9
2024-03-26 13:01:58,327 - INFO - Opening OLE file C:\Users\ricewater\Documents\paper_malware_doc\malware_samples\0029be753622f61dd9df4f42b41350d54b130f6dc50f8e73a2547aa461dcdbf6\0029be753622f61dd9df4f42b41350d54b130f6dc50f8e73a2547aa461dcdbf6
2024-03-26 13:01:58,327 - INFO - Opening OLE file C:\Users\ricewater\Documents\paper_malware_doc\malware_samples\000f909c809d98f0051a3317374f7f698935783167e4718f9a03c08e762d2e7a\000f909c809d98f0051a3317374f7f698935783167e4718f9a03c08e762d2e7a
2024-03-26 13:01:58,327 - INFO - Opening OLE file C:\Users\ricewater\Documents\paper_malware_doc\malware_samples\0028b43b6d196f5fd8793a75bd77abc9ad55f82581ab9611705a5bfce183238d\0028b43b6d196f5fd8793a75bd77abc9ad55f82581ab9611705a5bfce183238d
2024-03-26 13:01:58,344 - INFO - Check whether OLE file is PPT
2024-03-26 13:01:58,343 - INFO - Opening OLE file word/vbaProject.bin
2024-03-26 13:01:58,344 - INFO - Check whether OLE file is PPT
2024-03-26 13:01:58,344 - INFO - Opening OLE file C:\Users\ricewater\Documents\paper_malware_doc\malware_samples\0028b43b6d196f5fd8793a75bd77abc9ad55f82581ab9611705a5bfce183238d\0028b43b6d196f5fd8793a75bd77abc9ad55f82581ab9611705a5bfce183238d
2024-03-26 13:01:58,344 - INFO - Opening OLE file C:\Users\ricewater\Documents\paper_malware_doc\malware_samples\00138b128a84da30d2ba4553ed6bd0bd1ee2291140fb20988114b165a780f10e\00138b128a84da30d2ba4553ed6bd0bd1ee2291140fb20988114b165a780f10e
2024-03-26 13:01:58,344 - INFO - Check whether OLE file is PPT
2024-03-26 13:01:58,344 - INFO - Check whether OLE file is PPT
2024-03-26 13:01:58,360 - INFO - Check whether OLE file is PPT
2024-03-26 13:01:58,360 - INFO - Opening OLE file C:\Users\ricewater\Documents\paper_malware_doc\malware_samples\0014b1f1b30b6bf13e6e5b7c10b2a5336cdd2b3d91c9f72338c4195920c2a56f\0014b1f1b30b6bf13e6e5b7c10b2a5336cdd2b3d91c9f72338c4195920c2a56f
2024-03-26 13:01:58,360 - INFO - Opening OLE file C:\Users\ricewater\Documents\paper_malware_doc\malware_samples\001ceb566b07a37caaff79ba3c1e290007e347ec904c398ec2a88358299c6714\001ceb566b07a37caaff79ba3c1e290007e347ec904c398ec2a88358299c6714
2024-03-26 13:01:58,360 - INFO - Check whether OLE file is PPT
2024-03-26 13:01:58,360 - INFO - Opening OLE file C:\Users\ricewater\Documents\paper_malware_doc\malware_samples\0005144ebb03d2f5a5b17e21362c628ddc1705e910cfd56032b7b55c932b68da\0005144ebb03d2f5a5b17e21362c628ddc1705e910cfd56032b7b55c932b68da
2024-03-26 13:01:58,360 - INFO - Opening OLE file C:\Users\ricewater\Documents\paper_malware_doc\malware_samples\000fc87358f6a0eaa7b7ef7c905aead89b0bad54267f8f0415935cb9b25bfa59\000fc87358f6a0eaa7b7ef7c905aead89b0bad54267f8f0415935cb9b25bfa59
2024-03-26 13:01:58,360 - INFO - Check whether OLE file is PPT
2024-03-26 13:01:58,360 - INFO - Check whether OLE file is PPT
2024-03-26 13:01:58,377 - INFO - Check whether OLE file is PPT
2024-03-26 13:01:58,377 - INFO - Opening OLE file C:\Users\ricewater\Documents\paper_malware_doc\malware_samples\000f909c809d98f0051a3317374f7f698935783167e4718f9a03c08e762d2e7a\000f909c809d98f0051a3317374f7f698935783167e4718f9a03c08e762d2e7a
2024-03-26 13:01:58,377 - INFO - Check whether OLE file is PPT
2024-03-26 13:01:58,377 - INFO - Check whether OLE file is PPT
2024-03-26 13:01:58,377 - INFO - Opening OLE file C:\Users\ricewater\Documents\paper_malware_doc\malware_samples\0023c0768a94229c01fc43c29f422d55a0c48c6dcadbedc093bc21ffe0034ef9\0023c0768a94229c01fc43c29f422d55a0c48c6dcadbedc093bc21ffe0034ef9
2024-03-26 13:01:58,377 - WARNING - For now, VBA stomping cannot be detected for files in memory
2024-03-26 13:01:58,377 - INFO - Opening OLE file C:\Users\ricewater\Documents\paper_malware_doc\malware_samples\0014b1f1b30b6bf13e6e5b7c10b2a5336cdd2b3d91c9f72338c4195920c2a56f\0014b1f1b30b6bf13e6e5b7c10b2a5336cdd2b3d91c9f72338c4195920c2a56f
2024-03-26 13:01:58,377 - INFO - Opening OLE file C:\Users\ricewater\Documents\paper_malware_doc\malware_samples\0028b43b6d196f5fd8793a75bd77abc9ad55f82581ab9611705a5bfce183238d\0028b43b6d196f5fd8793a75bd77abc9ad55f82581ab9611705a5bfce183238d
2024-03-26 13:01:58,394 - INFO - Opening OLE file C:\Users\ricewater\Documents\paper_malware_doc\malware_samples\001ceb566b07a37caaff79ba3c1e290007e347ec904c398ec2a88358299c6714\001ceb566b07a37caaff79ba3c1e290007e347ec904c398ec2a88358299c6714
2024-03-26 13:01:58,425 - WARNING - For now, VBA stomping cannot be detected for files in memory
2024-03-26 13:01:58,426 - INFO - Opening OLE file C:\Users\ricewater\Documents\paper_malware_doc\malware_samples\00138b128a84da30d2ba4553ed6bd0bd1ee2291140fb20988114b165a780f10e\00138b128a84da30d2ba4553ed6bd0bd1ee2291140fb20988114b165a780f10e
2024-03-26 13:01:58,426 - INFO - Opening OLE file C:\Users\ricewater\Documents\paper_malware_doc\malware_samples\0005144ebb03d2f5a5b17e21362c628ddc1705e910cfd56032b7b55c932b68da\0005144ebb03d2f5a5b17e21362c628ddc1705e910cfd56032b7b55c932b68da
2024-03-26 13:01:58,427 - INFO - Check whether OLE file is PPT
2024-03-26 13:01:58,430 - INFO - Opening OLE file C:\Users\ricewater\Documents\paper_malware_doc\malware_samples\0029be753622f61dd9df4f42b41350d54b130f6dc50f8e73a2547aa461dcdbf6\0029be753622f61dd9df4f42b41350d54b130f6dc50f8e73a2547aa461dcdbf6
2024-03-26 13:01:58,432 - INFO - Check whether OLE file is PPT
2024-03-26 13:01:58,433 - INFO - Check whether OLE file is PPT
2024-03-26 13:01:58,434 - INFO - Check whether OLE file is PPT
2024-03-26 13:01:58,439 - INFO - Opening OLE file C:\Users\ricewater\Documents\paper_malware_doc\malware_samples\000fc87358f6a0eaa7b7ef7c905aead89b0bad54267f8f0415935cb9b25bfa59\000fc87358f6a0eaa7b7ef7c905aead89b0bad54267f8f0415935cb9b25bfa59
2024-03-26 13:01:58,442 - INFO - Check whether OLE file is PPT
2024-03-26 13:01:58,443 - INFO - Opening ZIP/OpenXML file C:\Users\ricewater\Documents\paper_malware_doc\malware_samples\00201c81ddac90753e561427e62f3a4d7149bcb39437c6d6a2da7ccf6a832004\00201c81ddac90753e561427e62f3a4d7149bcb39437c6d6a2da7ccf6a832004
2024-03-26 13:01:58,443 - INFO - Check whether OLE file is PPT
2024-03-26 13:01:58,443 - INFO - Check whether OLE file is PPT
2024-03-26 13:01:58,443 - INFO - Check whether OLE file is PPT
2024-03-26 13:01:58,443 - INFO - Opening OLE file C:\Users\ricewater\Documents\paper_malware_doc\malware_samples\000f909c809d98f0051a3317374f7f698935783167e4718f9a03c08e762d2e7a\000f909c809d98f0051a3317374f7f698935783167e4718f9a03c08e762d2e7a
2024-03-26 13:01:58,443 - INFO - Opening OLE file C:\Users\ricewater\Documents\paper_malware_doc\malware_samples\0028b43b6d196f5fd8793a75bd77abc9ad55f82581ab9611705a5bfce183238d\0028b43b6d196f5fd8793a75bd77abc9ad55f82581ab9611705a5bfce183238d
2024-03-26 13:01:58,443 - INFO - Opening OLE file C:\Users\ricewater\Documents\paper_malware_doc\malware_samples\00138b128a84da30d2ba4553ed6bd0bd1ee2291140fb20988114b165a780f10e\00138b128a84da30d2ba4553ed6bd0bd1ee2291140fb20988114b165a780f10e
2024-03-26 13:01:58,443 - INFO - Opening OLE file C:\Users\ricewater\Documents\paper_malware_doc\malware_samples\0023c0768a94229c01fc43c29f422d55a0c48c6dcadbedc093bc21ffe0034ef9\0023c0768a94229c01fc43c29f422d55a0c48c6dcadbedc093bc21ffe0034ef9
2024-03-26 13:01:58,490 - INFO - Check whether OLE file is PPT
2024-03-26 13:01:58,506 - ERROR - Error when running oledump.plugin_biff, please report to https://github.com/decalage2/oletools/issues
Traceback (most recent call last):
  File "C:\Users\ricewater\.conda\envs\adaptclone\lib\site-packages\oletools\thirdparty\oledump\plugin_biff.py", line 84, in P23Decode
    return value.decode('utf-8')
UnicodeDecodeError: 'utf-8' codec can't decode byte 0x81 in position 0: invalid start byte

During handling of the above exception, another exception occurred:

Traceback (most recent call last):
  File "C:\Users\ricewater\.conda\envs\adaptclone\lib\site-packages\oletools\olevba.py", line 3435, in _extract_xlm_plugin_biff
    self.xlm_macros = biff_plugin.Analyze()
  File "C:\Users\ricewater\.conda\envs\adaptclone\lib\site-packages\oletools\thirdparty\oledump\plugin_biff.py", line 5320, in Analyze
    parsedExpression, stack = ParseExpression(expression, definesNames, sheetNames, options.cellrefformat)
  File "C:\Users\ricewater\.conda\envs\adaptclone\lib\site-packages\oletools\thirdparty\oledump\plugin_biff.py", line 1202, in ParseExpression
    stringValue = P23Decode(expression[:length*2])
  File "C:\Users\ricewater\.conda\envs\adaptclone\lib\site-packages\oletools\thirdparty\oledump\plugin_biff.py", line 86, in P23Decode
    return value.decode('windows-1252')
  File "C:\Users\ricewater\.conda\envs\adaptclone\lib\encodings\cp1252.py", line 15, in decode
    return codecs.charmap_decode(input,errors,decoding_table)
UnicodeDecodeError: 'charmap' codec can't decode byte 0x81 in position 0: character maps to <undefined>
2024-03-26 13:01:58,521 - INFO - Check whether OLE file is PPT
2024-03-26 13:01:58,521 - INFO - Check whether OLE file is PPT
2024-03-26 13:01:58,544 - INFO - Check whether OLE file is PPT
2024-03-26 13:01:58,545 - INFO - Check whether OLE file is PPT
2024-03-26 13:01:58,611 - INFO - Opening OLE file word/vbaProject.bin
2024-03-26 13:01:58,661 - INFO - Check whether OLE file is PPT
2024-03-26 13:01:58,611 - INFO - Opening OLE file C:\Users\ricewater\Documents\paper_malware_doc\malware_samples\0005144ebb03d2f5a5b17e21362c628ddc1705e910cfd56032b7b55c932b68da\0005144ebb03d2f5a5b17e21362c628ddc1705e910cfd56032b7b55c932b68da
2024-03-26 13:01:58,611 - INFO - Opening OLE file C:\Users\ricewater\Documents\paper_malware_doc\malware_samples\0014b1f1b30b6bf13e6e5b7c10b2a5336cdd2b3d91c9f72338c4195920c2a56f\0014b1f1b30b6bf13e6e5b7c10b2a5336cdd2b3d91c9f72338c4195920c2a56f
2024-03-26 13:01:58,628 - INFO - Opening OLE file C:\Users\ricewater\Documents\paper_malware_doc\malware_samples\0029be753622f61dd9df4f42b41350d54b130f6dc50f8e73a2547aa461dcdbf6\0029be753622f61dd9df4f42b41350d54b130f6dc50f8e73a2547aa461dcdbf6
2024-03-26 13:01:58,628 - INFO - Opening OLE file C:\Users\ricewater\Documents\paper_malware_doc\malware_samples\000fc87358f6a0eaa7b7ef7c905aead89b0bad54267f8f0415935cb9b25bfa59\000fc87358f6a0eaa7b7ef7c905aead89b0bad54267f8f0415935cb9b25bfa59
2024-03-26 13:01:58,660 - INFO - Opening OLE file C:\Users\ricewater\Documents\paper_malware_doc\malware_samples\0028b43b6d196f5fd8793a75bd77abc9ad55f82581ab9611705a5bfce183238d\0028b43b6d196f5fd8793a75bd77abc9ad55f82581ab9611705a5bfce183238d
2024-03-26 13:01:58,661 - INFO - Opening OLE file C:\Users\ricewater\Documents\paper_malware_doc\malware_samples\000f909c809d98f0051a3317374f7f698935783167e4718f9a03c08e762d2e7a\000f909c809d98f0051a3317374f7f698935783167e4718f9a03c08e762d2e7a
2024-03-26 13:01:58,611 - INFO - Opening OLE file C:\Users\ricewater\Documents\paper_malware_doc\malware_samples\001ceb566b07a37caaff79ba3c1e290007e347ec904c398ec2a88358299c6714\001ceb566b07a37caaff79ba3c1e290007e347ec904c398ec2a88358299c6714
2024-03-26 13:01:58,661 - INFO - Check whether OLE file is PPT
2024-03-26 13:01:58,661 - INFO - Check whether OLE file is PPT
2024-03-26 13:01:58,661 - INFO - Check whether OLE file is PPT
2024-03-26 13:01:58,677 - INFO - Check whether OLE file is PPT
2024-03-26 13:01:58,677 - INFO - Check whether OLE file is PPT
2024-03-26 13:01:58,677 - INFO - Check whether OLE file is PPT
2024-03-26 13:01:58,677 - INFO - Check whether OLE file is PPT
2024-03-26 13:01:58,677 - WARNING - For now, VBA stomping cannot be detected for files in memory
2024-03-26 13:01:58,694 - INFO - Opening OLE file C:\Users\ricewater\Documents\paper_malware_doc\malware_samples\00138b128a84da30d2ba4553ed6bd0bd1ee2291140fb20988114b165a780f10e\00138b128a84da30d2ba4553ed6bd0bd1ee2291140fb20988114b165a780f10e
2024-03-26 13:01:58,711 - INFO - Opening OLE file C:\Users\ricewater\Documents\paper_malware_doc\malware_samples\0028b43b6d196f5fd8793a75bd77abc9ad55f82581ab9611705a5bfce183238d\0028b43b6d196f5fd8793a75bd77abc9ad55f82581ab9611705a5bfce183238d
2024-03-26 13:01:58,711 - INFO - Opening OLE file C:\Users\ricewater\Documents\paper_malware_doc\malware_samples\0023c0768a94229c01fc43c29f422d55a0c48c6dcadbedc093bc21ffe0034ef9\0023c0768a94229c01fc43c29f422d55a0c48c6dcadbedc093bc21ffe0034ef9
2024-03-26 13:01:58,711 - INFO - Opening OLE file C:\Users\ricewater\Documents\paper_malware_doc\malware_samples\000f909c809d98f0051a3317374f7f698935783167e4718f9a03c08e762d2e7a\000f909c809d98f0051a3317374f7f698935783167e4718f9a03c08e762d2e7a
2024-03-26 13:01:58,711 - ERROR - Error when running oledump.plugin_biff, please report to https://github.com/decalage2/oletools/issues
Traceback (most recent call last):
  File "C:\Users\ricewater\.conda\envs\adaptclone\lib\site-packages\oletools\thirdparty\oledump\plugin_biff.py", line 84, in P23Decode
    return value.decode('utf-8')
UnicodeDecodeError: 'utf-8' codec can't decode byte 0x81 in position 0: invalid start byte

During handling of the above exception, another exception occurred:

Traceback (most recent call last):
  File "C:\Users\ricewater\.conda\envs\adaptclone\lib\site-packages\oletools\olevba.py", line 3435, in _extract_xlm_plugin_biff
    self.xlm_macros = biff_plugin.Analyze()
  File "C:\Users\ricewater\.conda\envs\adaptclone\lib\site-packages\oletools\thirdparty\oledump\plugin_biff.py", line 5320, in Analyze
    parsedExpression, stack = ParseExpression(expression, definesNames, sheetNames, options.cellrefformat)
  File "C:\Users\ricewater\.conda\envs\adaptclone\lib\site-packages\oletools\thirdparty\oledump\plugin_biff.py", line 1202, in ParseExpression
    stringValue = P23Decode(expression[:length*2])
  File "C:\Users\ricewater\.conda\envs\adaptclone\lib\site-packages\oletools\thirdparty\oledump\plugin_biff.py", line 86, in P23Decode
    return value.decode('windows-1252')
  File "C:\Users\ricewater\.conda\envs\adaptclone\lib\encodings\cp1252.py", line 15, in decode
    return codecs.charmap_decode(input,errors,decoding_table)
UnicodeDecodeError: 'charmap' codec can't decode byte 0x81 in position 0: character maps to <undefined>
2024-03-26 13:01:58,744 - INFO - Check whether OLE file is PPT
2024-03-26 13:01:58,745 - INFO - Check whether OLE file is PPT
2024-03-26 13:01:58,779 - INFO - Check whether OLE file is PPT
2024-03-26 13:01:58,795 - INFO - Check whether OLE file is PPT
2024-03-26 13:01:58,795 - INFO - Opening OLE file C:\Users\ricewater\Documents\paper_malware_doc\malware_samples\0005144ebb03d2f5a5b17e21362c628ddc1705e910cfd56032b7b55c932b68da\0005144ebb03d2f5a5b17e21362c628ddc1705e910cfd56032b7b55c932b68da
2024-03-26 13:01:58,812 - INFO - Opening OLE file C:\Users\ricewater\Documents\paper_malware_doc\malware_samples\0023c0768a94229c01fc43c29f422d55a0c48c6dcadbedc093bc21ffe0034ef9\0023c0768a94229c01fc43c29f422d55a0c48c6dcadbedc093bc21ffe0034ef9
2024-03-26 13:01:58,812 - INFO - Opening OLE file C:\Users\ricewater\Documents\paper_malware_doc\malware_samples\000fc87358f6a0eaa7b7ef7c905aead89b0bad54267f8f0415935cb9b25bfa59\000fc87358f6a0eaa7b7ef7c905aead89b0bad54267f8f0415935cb9b25bfa59
2024-03-26 13:01:58,812 - INFO - Opening OLE file C:\Users\ricewater\Documents\paper_malware_doc\malware_samples\0028b43b6d196f5fd8793a75bd77abc9ad55f82581ab9611705a5bfce183238d\0028b43b6d196f5fd8793a75bd77abc9ad55f82581ab9611705a5bfce183238d
2024-03-26 13:01:58,812 - INFO - Opening OLE file C:\Users\ricewater\Documents\paper_malware_doc\malware_samples\0014b1f1b30b6bf13e6e5b7c10b2a5336cdd2b3d91c9f72338c4195920c2a56f\0014b1f1b30b6bf13e6e5b7c10b2a5336cdd2b3d91c9f72338c4195920c2a56f
2024-03-26 13:01:58,812 - INFO - Opening OLE file C:\Users\ricewater\Documents\paper_malware_doc\malware_samples\00138b128a84da30d2ba4553ed6bd0bd1ee2291140fb20988114b165a780f10e\00138b128a84da30d2ba4553ed6bd0bd1ee2291140fb20988114b165a780f10e
2024-03-26 13:01:58,812 - INFO - Check whether OLE file is PPT
2024-03-26 13:01:58,812 - INFO - Check whether OLE file is PPT
2024-03-26 13:01:58,812 - INFO - Check whether OLE file is PPT
2024-03-26 13:01:58,812 - INFO - Check whether OLE file is PPT
2024-03-26 13:01:58,827 - INFO - Check whether OLE file is PPT
2024-03-26 13:01:58,845 - INFO - Check whether OLE file is PPT
2024-03-26 13:01:58,894 - INFO - Opening OLE file C:\Users\ricewater\Documents\paper_malware_doc\malware_samples\0014b1f1b30b6bf13e6e5b7c10b2a5336cdd2b3d91c9f72338c4195920c2a56f\0014b1f1b30b6bf13e6e5b7c10b2a5336cdd2b3d91c9f72338c4195920c2a56f
2024-03-26 13:01:58,895 - INFO - Opening OLE file C:\Users\ricewater\Documents\paper_malware_doc\malware_samples\000f909c809d98f0051a3317374f7f698935783167e4718f9a03c08e762d2e7a\000f909c809d98f0051a3317374f7f698935783167e4718f9a03c08e762d2e7a
2024-03-26 13:01:58,945 - INFO - Opening OLE file C:\Users\ricewater\Documents\paper_malware_doc\malware_samples\000fc87358f6a0eaa7b7ef7c905aead89b0bad54267f8f0415935cb9b25bfa59\000fc87358f6a0eaa7b7ef7c905aead89b0bad54267f8f0415935cb9b25bfa59
2024-03-26 13:01:58,945 - INFO - Opening OLE file C:\Users\ricewater\Documents\paper_malware_doc\malware_samples\0005144ebb03d2f5a5b17e21362c628ddc1705e910cfd56032b7b55c932b68da\0005144ebb03d2f5a5b17e21362c628ddc1705e910cfd56032b7b55c932b68da
2024-03-26 13:01:58,960 - INFO - Opening OLE file C:\Users\ricewater\Documents\paper_malware_doc\malware_samples\00138b128a84da30d2ba4553ed6bd0bd1ee2291140fb20988114b165a780f10e\00138b128a84da30d2ba4553ed6bd0bd1ee2291140fb20988114b165a780f10e
2024-03-26 13:01:58,960 - INFO - Check whether OLE file is PPT
2024-03-26 13:01:58,960 - INFO - Check whether OLE file is PPT
2024-03-26 13:01:58,961 - INFO - Check whether OLE file is PPT
2024-03-26 13:01:58,961 - INFO - Opening OLE file C:\Users\ricewater\Documents\paper_malware_doc\malware_samples\0023c0768a94229c01fc43c29f422d55a0c48c6dcadbedc093bc21ffe0034ef9\0023c0768a94229c01fc43c29f422d55a0c48c6dcadbedc093bc21ffe0034ef9
2024-03-26 13:01:58,961 - INFO - Check whether OLE file is PPT
2024-03-26 13:01:58,961 - INFO - Opening OLE file C:\Users\ricewater\Documents\paper_malware_doc\malware_samples\001ceb566b07a37caaff79ba3c1e290007e347ec904c398ec2a88358299c6714\001ceb566b07a37caaff79ba3c1e290007e347ec904c398ec2a88358299c6714
2024-03-26 13:01:58,961 - INFO - Opening OLE file C:\Users\ricewater\Documents\paper_malware_doc\malware_samples\000f909c809d98f0051a3317374f7f698935783167e4718f9a03c08e762d2e7a\000f909c809d98f0051a3317374f7f698935783167e4718f9a03c08e762d2e7a
2024-03-26 13:01:58,961 - INFO - Opening OLE file C:\Users\ricewater\Documents\paper_malware_doc\malware_samples\0014b1f1b30b6bf13e6e5b7c10b2a5336cdd2b3d91c9f72338c4195920c2a56f\0014b1f1b30b6bf13e6e5b7c10b2a5336cdd2b3d91c9f72338c4195920c2a56f
2024-03-26 13:01:58,961 - INFO - Check whether OLE file is PPT
2024-03-26 13:01:58,978 - INFO - Check whether OLE file is PPT
2024-03-26 13:01:58,978 - INFO - Check whether OLE file is PPT
2024-03-26 13:01:58,978 - INFO - Check whether OLE file is PPT
2024-03-26 13:01:58,978 - INFO - Opening OLE file C:\Users\ricewater\Documents\paper_malware_doc\malware_samples\0005144ebb03d2f5a5b17e21362c628ddc1705e910cfd56032b7b55c932b68da\0005144ebb03d2f5a5b17e21362c628ddc1705e910cfd56032b7b55c932b68da
2024-03-26 13:01:58,978 - INFO - Check whether OLE file is PPT
2024-03-26 13:01:58,995 - INFO - Opening OLE file C:\Users\ricewater\Documents\paper_malware_doc\malware_samples\00138b128a84da30d2ba4553ed6bd0bd1ee2291140fb20988114b165a780f10e\00138b128a84da30d2ba4553ed6bd0bd1ee2291140fb20988114b165a780f10e
2024-03-26 13:01:59,076 - INFO - Check whether OLE file is PPT
2024-03-26 13:01:59,095 - INFO - Opening OLE file C:\Users\ricewater\Documents\paper_malware_doc\malware_samples\0023c0768a94229c01fc43c29f422d55a0c48c6dcadbedc093bc21ffe0034ef9\0023c0768a94229c01fc43c29f422d55a0c48c6dcadbedc093bc21ffe0034ef9
2024-03-26 13:01:59,095 - INFO - Opening OLE file C:\Users\ricewater\Documents\paper_malware_doc\malware_samples\000fc87358f6a0eaa7b7ef7c905aead89b0bad54267f8f0415935cb9b25bfa59\000fc87358f6a0eaa7b7ef7c905aead89b0bad54267f8f0415935cb9b25bfa59
2024-03-26 13:01:59,112 - INFO - Opening OLE file C:\Users\ricewater\Documents\paper_malware_doc\malware_samples\0005144ebb03d2f5a5b17e21362c628ddc1705e910cfd56032b7b55c932b68da\0005144ebb03d2f5a5b17e21362c628ddc1705e910cfd56032b7b55c932b68da
2024-03-26 13:01:59,112 - INFO - Check whether OLE file is PPT
2024-03-26 13:01:59,112 - INFO - Opening OLE file C:\Users\ricewater\Documents\paper_malware_doc\malware_samples\001ceb566b07a37caaff79ba3c1e290007e347ec904c398ec2a88358299c6714\001ceb566b07a37caaff79ba3c1e290007e347ec904c398ec2a88358299c6714
2024-03-26 13:01:59,112 - INFO - Check whether OLE file is PPT
2024-03-26 13:01:59,112 - INFO - Opening OLE file C:\Users\ricewater\Documents\paper_malware_doc\malware_samples\0014b1f1b30b6bf13e6e5b7c10b2a5336cdd2b3d91c9f72338c4195920c2a56f\0014b1f1b30b6bf13e6e5b7c10b2a5336cdd2b3d91c9f72338c4195920c2a56f
2024-03-26 13:01:59,112 - INFO - Check whether OLE file is PPT
2024-03-26 13:01:59,127 - INFO - Check whether OLE file is PPT
2024-03-26 13:01:59,128 - INFO - Check whether OLE file is PPT
2024-03-26 13:01:59,128 - INFO - Check whether OLE file is PPT
2024-03-26 13:01:59,128 - ERROR - Error when running oledump.plugin_biff, please report to https://github.com/decalage2/oletools/issues
Traceback (most recent call last):
  File "C:\Users\ricewater\.conda\envs\adaptclone\lib\site-packages\oletools\thirdparty\oledump\plugin_biff.py", line 84, in P23Decode
    return value.decode('utf-8')
UnicodeDecodeError: 'utf-8' codec can't decode byte 0x81 in position 0: invalid start byte

During handling of the above exception, another exception occurred:

Traceback (most recent call last):
  File "C:\Users\ricewater\.conda\envs\adaptclone\lib\site-packages\oletools\olevba.py", line 3435, in _extract_xlm_plugin_biff
    self.xlm_macros = biff_plugin.Analyze()
  File "C:\Users\ricewater\.conda\envs\adaptclone\lib\site-packages\oletools\thirdparty\oledump\plugin_biff.py", line 5320, in Analyze
    parsedExpression, stack = ParseExpression(expression, definesNames, sheetNames, options.cellrefformat)
  File "C:\Users\ricewater\.conda\envs\adaptclone\lib\site-packages\oletools\thirdparty\oledump\plugin_biff.py", line 1202, in ParseExpression
    stringValue = P23Decode(expression[:length*2])
  File "C:\Users\ricewater\.conda\envs\adaptclone\lib\site-packages\oletools\thirdparty\oledump\plugin_biff.py", line 86, in P23Decode
    return value.decode('windows-1252')
  File "C:\Users\ricewater\.conda\envs\adaptclone\lib\encodings\cp1252.py", line 15, in decode
    return codecs.charmap_decode(input,errors,decoding_table)
UnicodeDecodeError: 'charmap' codec can't decode byte 0x81 in position 0: character maps to <undefined>
2024-03-26 13:01:59,128 - INFO - Opening OLE file C:\Users\ricewater\Documents\paper_malware_doc\malware_samples\001ceb566b07a37caaff79ba3c1e290007e347ec904c398ec2a88358299c6714\001ceb566b07a37caaff79ba3c1e290007e347ec904c398ec2a88358299c6714
2024-03-26 13:01:59,145 - INFO - Check whether OLE file is PPT
2024-03-26 13:01:59,145 - INFO - Opening OLE file C:\Users\ricewater\Documents\paper_malware_doc\malware_samples\0005144ebb03d2f5a5b17e21362c628ddc1705e910cfd56032b7b55c932b68da\0005144ebb03d2f5a5b17e21362c628ddc1705e910cfd56032b7b55c932b68da
2024-03-26 13:01:59,145 - INFO - Opening OLE file C:\Users\ricewater\Documents\paper_malware_doc\malware_samples\000fc87358f6a0eaa7b7ef7c905aead89b0bad54267f8f0415935cb9b25bfa59\000fc87358f6a0eaa7b7ef7c905aead89b0bad54267f8f0415935cb9b25bfa59
2024-03-26 13:01:59,195 - INFO - Check whether OLE file is PPT
2024-03-26 13:01:59,212 - INFO - Check whether OLE file is PPT
2024-03-26 13:01:59,212 - INFO - Opening OLE file C:\Users\ricewater\Documents\paper_malware_doc\malware_samples\0014b1f1b30b6bf13e6e5b7c10b2a5336cdd2b3d91c9f72338c4195920c2a56f\0014b1f1b30b6bf13e6e5b7c10b2a5336cdd2b3d91c9f72338c4195920c2a56f
2024-03-26 13:01:59,227 - INFO - Opening OLE file C:\Users\ricewater\Documents\paper_malware_doc\malware_samples\0005144ebb03d2f5a5b17e21362c628ddc1705e910cfd56032b7b55c932b68da\0005144ebb03d2f5a5b17e21362c628ddc1705e910cfd56032b7b55c932b68da
2024-03-26 13:01:59,228 - INFO - Check whether OLE file is PPT
2024-03-26 13:01:59,295 - INFO - Check whether OLE file is PPT
2024-03-26 13:01:59,310 - ERROR - Error when running oledump.plugin_biff, please report to https://github.com/decalage2/oletools/issues
Traceback (most recent call last):
  File "C:\Users\ricewater\.conda\envs\adaptclone\lib\site-packages\oletools\thirdparty\oledump\plugin_biff.py", line 84, in P23Decode
    return value.decode('utf-8')
UnicodeDecodeError: 'utf-8' codec can't decode byte 0x81 in position 0: invalid start byte

During handling of the above exception, another exception occurred:

Traceback (most recent call last):
  File "C:\Users\ricewater\.conda\envs\adaptclone\lib\site-packages\oletools\olevba.py", line 3435, in _extract_xlm_plugin_biff
    self.xlm_macros = biff_plugin.Analyze()
  File "C:\Users\ricewater\.conda\envs\adaptclone\lib\site-packages\oletools\thirdparty\oledump\plugin_biff.py", line 5320, in Analyze
    parsedExpression, stack = ParseExpression(expression, definesNames, sheetNames, options.cellrefformat)
  File "C:\Users\ricewater\.conda\envs\adaptclone\lib\site-packages\oletools\thirdparty\oledump\plugin_biff.py", line 1202, in ParseExpression
    stringValue = P23Decode(expression[:length*2])
  File "C:\Users\ricewater\.conda\envs\adaptclone\lib\site-packages\oletools\thirdparty\oledump\plugin_biff.py", line 86, in P23Decode
    return value.decode('windows-1252')
  File "C:\Users\ricewater\.conda\envs\adaptclone\lib\encodings\cp1252.py", line 15, in decode
    return codecs.charmap_decode(input,errors,decoding_table)
UnicodeDecodeError: 'charmap' codec can't decode byte 0x81 in position 0: character maps to <undefined>
2024-03-26 13:01:59,311 - INFO - Opening OLE file C:\Users\ricewater\Documents\paper_malware_doc\malware_samples\0029be753622f61dd9df4f42b41350d54b130f6dc50f8e73a2547aa461dcdbf6\0029be753622f61dd9df4f42b41350d54b130f6dc50f8e73a2547aa461dcdbf6
2024-03-26 13:01:59,311 - INFO - Opening OLE file C:\Users\ricewater\Documents\paper_malware_doc\malware_samples\0014b1f1b30b6bf13e6e5b7c10b2a5336cdd2b3d91c9f72338c4195920c2a56f\0014b1f1b30b6bf13e6e5b7c10b2a5336cdd2b3d91c9f72338c4195920c2a56f
2024-03-26 13:01:59,327 - INFO - Opening OLE file C:\Users\ricewater\Documents\paper_malware_doc\malware_samples\0005144ebb03d2f5a5b17e21362c628ddc1705e910cfd56032b7b55c932b68da\0005144ebb03d2f5a5b17e21362c628ddc1705e910cfd56032b7b55c932b68da
2024-03-26 13:01:59,412 - INFO - File {path}: has no relationships and could not be parsed
2024-03-26 13:01:59,428 - INFO - Check whether OLE file is PPT
2024-03-26 13:01:59,436 - INFO - Check whether OLE file is PPT
2024-03-26 13:01:59,441 - INFO - Opening OLE file C:\Users\ricewater\Documents\paper_malware_doc\malware_samples\000fc87358f6a0eaa7b7ef7c905aead89b0bad54267f8f0415935cb9b25bfa59\000fc87358f6a0eaa7b7ef7c905aead89b0bad54267f8f0415935cb9b25bfa59
2024-03-26 13:01:59,442 - INFO - Opening OLE file C:\Users\ricewater\Documents\paper_malware_doc\malware_samples\001ceb566b07a37caaff79ba3c1e290007e347ec904c398ec2a88358299c6714\001ceb566b07a37caaff79ba3c1e290007e347ec904c398ec2a88358299c6714
2024-03-26 13:01:59,443 - INFO - Check whether OLE file is PPT
2024-03-26 13:01:59,448 - INFO - Opening OLE file C:\Users\ricewater\Documents\paper_malware_doc\malware_samples\0005144ebb03d2f5a5b17e21362c628ddc1705e910cfd56032b7b55c932b68da\0005144ebb03d2f5a5b17e21362c628ddc1705e910cfd56032b7b55c932b68da
2024-03-26 13:01:59,478 - INFO - Check whether OLE file is PPT
2024-03-26 13:01:59,478 - INFO - Check whether OLE file is PPT
2024-03-26 13:01:59,529 - INFO - Opening OLE file C:\Users\ricewater\Documents\paper_malware_doc\malware_samples\0029be753622f61dd9df4f42b41350d54b130f6dc50f8e73a2547aa461dcdbf6\0029be753622f61dd9df4f42b41350d54b130f6dc50f8e73a2547aa461dcdbf6
2024-03-26 13:01:59,562 - INFO - Check whether OLE file is PPT
2024-03-26 13:01:59,611 - INFO - File {path}: has no relationships and could not be parsed
2024-03-26 13:01:59,745 - INFO - Opening OLE file C:\Users\ricewater\Documents\paper_malware_doc\malware_samples\0014b1f1b30b6bf13e6e5b7c10b2a5336cdd2b3d91c9f72338c4195920c2a56f\0014b1f1b30b6bf13e6e5b7c10b2a5336cdd2b3d91c9f72338c4195920c2a56f
2024-03-26 13:01:59,745 - INFO - Check whether OLE file is PPT
2024-03-26 13:01:59,745 - INFO - Check whether OLE file is PPT
2024-03-26 13:01:59,745 - INFO - Opening OLE file C:\Users\ricewater\Documents\paper_malware_doc\malware_samples\000fc87358f6a0eaa7b7ef7c905aead89b0bad54267f8f0415935cb9b25bfa59\000fc87358f6a0eaa7b7ef7c905aead89b0bad54267f8f0415935cb9b25bfa59
2024-03-26 13:01:59,777 - INFO - Opening OLE file C:\Users\ricewater\Documents\paper_malware_doc\malware_samples\0014b1f1b30b6bf13e6e5b7c10b2a5336cdd2b3d91c9f72338c4195920c2a56f\0014b1f1b30b6bf13e6e5b7c10b2a5336cdd2b3d91c9f72338c4195920c2a56f
2024-03-26 13:01:59,813 - INFO - Check whether OLE file is PPT
2024-03-26 13:01:59,881 - INFO - Check whether OLE file is PPT
2024-03-26 13:01:59,899 - ERROR - Error when running oledump.plugin_biff, please report to https://github.com/decalage2/oletools/issues
Traceback (most recent call last):
  File "C:\Users\ricewater\.conda\envs\adaptclone\lib\site-packages\oletools\thirdparty\oledump\plugin_biff.py", line 84, in P23Decode
    return value.decode('utf-8')
UnicodeDecodeError: 'utf-8' codec can't decode byte 0x81 in position 0: invalid start byte

During handling of the above exception, another exception occurred:

Traceback (most recent call last):
  File "C:\Users\ricewater\.conda\envs\adaptclone\lib\site-packages\oletools\olevba.py", line 3435, in _extract_xlm_plugin_biff
    self.xlm_macros = biff_plugin.Analyze()
  File "C:\Users\ricewater\.conda\envs\adaptclone\lib\site-packages\oletools\thirdparty\oledump\plugin_biff.py", line 5320, in Analyze
    parsedExpression, stack = ParseExpression(expression, definesNames, sheetNames, options.cellrefformat)
  File "C:\Users\ricewater\.conda\envs\adaptclone\lib\site-packages\oletools\thirdparty\oledump\plugin_biff.py", line 1202, in ParseExpression
    stringValue = P23Decode(expression[:length*2])
  File "C:\Users\ricewater\.conda\envs\adaptclone\lib\site-packages\oletools\thirdparty\oledump\plugin_biff.py", line 86, in P23Decode
    return value.decode('windows-1252')
  File "C:\Users\ricewater\.conda\envs\adaptclone\lib\encodings\cp1252.py", line 15, in decode
    return codecs.charmap_decode(input,errors,decoding_table)
UnicodeDecodeError: 'charmap' codec can't decode byte 0x81 in position 0: character maps to <undefined>
2024-03-26 13:01:59,994 - INFO - Opening OLE file C:\Users\ricewater\Documents\paper_malware_doc\malware_samples\000fc87358f6a0eaa7b7ef7c905aead89b0bad54267f8f0415935cb9b25bfa59\000fc87358f6a0eaa7b7ef7c905aead89b0bad54267f8f0415935cb9b25bfa59
2024-03-26 13:01:59,994 - INFO - Opening OLE file C:\Users\ricewater\Documents\paper_malware_doc\malware_samples\0029be753622f61dd9df4f42b41350d54b130f6dc50f8e73a2547aa461dcdbf6\0029be753622f61dd9df4f42b41350d54b130f6dc50f8e73a2547aa461dcdbf6
2024-03-26 13:01:59,994 - INFO - Check whether OLE file is PPT
2024-03-26 13:02:00,010 - INFO - Opening OLE file C:\Users\ricewater\Documents\paper_malware_doc\malware_samples\001ceb566b07a37caaff79ba3c1e290007e347ec904c398ec2a88358299c6714\001ceb566b07a37caaff79ba3c1e290007e347ec904c398ec2a88358299c6714
2024-03-26 13:02:00,010 - INFO - Check whether OLE file is PPT
2024-03-26 13:02:00,029 - INFO - Check whether OLE file is PPT
2024-03-26 13:02:00,088 - INFO - Opening OLE file C:\Users\ricewater\Documents\paper_malware_doc\malware_samples\001ceb566b07a37caaff79ba3c1e290007e347ec904c398ec2a88358299c6714\001ceb566b07a37caaff79ba3c1e290007e347ec904c398ec2a88358299c6714
2024-03-26 13:02:00,089 - INFO - Opening OLE file C:\Users\ricewater\Documents\paper_malware_doc\malware_samples\000fc87358f6a0eaa7b7ef7c905aead89b0bad54267f8f0415935cb9b25bfa59\000fc87358f6a0eaa7b7ef7c905aead89b0bad54267f8f0415935cb9b25bfa59
2024-03-26 13:02:00,095 - INFO - Check whether OLE file is PPT
2024-03-26 13:02:00,097 - INFO - Check whether OLE file is PPT
2024-03-26 13:02:00,245 - INFO - Opening OLE file C:\Users\ricewater\Documents\paper_malware_doc\malware_samples\0029be753622f61dd9df4f42b41350d54b130f6dc50f8e73a2547aa461dcdbf6\0029be753622f61dd9df4f42b41350d54b130f6dc50f8e73a2547aa461dcdbf6
2024-03-26 13:02:00,245 - INFO - Check whether OLE file is PPT
2024-03-26 13:02:00,262 - INFO - Opening OLE file C:\Users\ricewater\Documents\paper_malware_doc\malware_samples\001ceb566b07a37caaff79ba3c1e290007e347ec904c398ec2a88358299c6714\001ceb566b07a37caaff79ba3c1e290007e347ec904c398ec2a88358299c6714
2024-03-26 13:02:00,262 - INFO - Check whether OLE file is PPT
2024-03-26 13:02:00,278 - INFO - Opening OLE file C:\Users\ricewater\Documents\paper_malware_doc\malware_samples\001ceb566b07a37caaff79ba3c1e290007e347ec904c398ec2a88358299c6714\001ceb566b07a37caaff79ba3c1e290007e347ec904c398ec2a88358299c6714
2024-03-26 13:02:00,279 - INFO - Check whether OLE file is PPT
2024-03-26 13:02:00,530 - INFO - File {path}: has no relationships and could not be parsed
2024-03-26 13:02:00,664 - INFO - File {path}: has no relationships and could not be parsed
2024-03-26 13:04:34,056 - INFO - Opening ZIP/OpenXML file C:\Users\ricewater\Documents\paper_malware_doc\malware_samples\00364891d2fc7a5b9d6cf3f3aedb466a49d59ae1c63e2c49b5c4922e6c507385\00364891d2fc7a5b9d6cf3f3aedb466a49d59ae1c63e2c49b5c4922e6c507385
2024-03-26 13:04:34,056 - INFO - Opening OLE file xl/vbaProject.bin
2024-03-26 13:04:34,056 - INFO - Check whether OLE file is PPT
2024-03-26 13:04:34,090 - WARNING - For now, VBA stomping cannot be detected for files in memory
2024-03-26 13:04:34,355 - INFO - msoffcrypto failed to parse file or determine whether it is encrypted: Unrecognized file format
2024-03-26 13:04:34,355 - INFO - Opening OLE file C:\Users\ricewater\Documents\paper_malware_doc\malware_samples\007a9b837968725f26d7894c9ad0be828d121f8a3095b8751f3df0b4f2e836ef\007a9b837968725f26d7894c9ad0be828d121f8a3095b8751f3df0b4f2e836ef
2024-03-26 13:04:34,355 - INFO - Check whether OLE file is PPT
2024-03-26 13:04:34,355 - WARNING - For now, VBA stomping cannot be detected for files in memory
2024-03-26 13:04:34,572 - INFO - Opening ZIP/OpenXML file C:\Users\ricewater\Documents\paper_malware_doc\malware_samples\00364891d2fc7a5b9d6cf3f3aedb466a49d59ae1c63e2c49b5c4922e6c507385\00364891d2fc7a5b9d6cf3f3aedb466a49d59ae1c63e2c49b5c4922e6c507385
2024-03-26 13:04:34,749 - INFO - Opening OLE file C:\Users\ricewater\Documents\paper_malware_doc\malware_samples\007a9b837968725f26d7894c9ad0be828d121f8a3095b8751f3df0b4f2e836ef\007a9b837968725f26d7894c9ad0be828d121f8a3095b8751f3df0b4f2e836ef
2024-03-26 13:04:35,074 - INFO - Opening ZIP/OpenXML file C:\Users\ricewater\Documents\paper_malware_doc\malware_samples\006dc4ebf2c47becdc58491162728990147717a0d9dd76fefa9b7eb83937c60b\006dc4ebf2c47becdc58491162728990147717a0d9dd76fefa9b7eb83937c60b
2024-03-26 13:04:35,074 - INFO - Check whether OLE file is PPT
2024-03-26 13:04:35,074 - INFO - Opening OLE file C:\Users\ricewater\Documents\paper_malware_doc\malware_samples\000f909c809d98f0051a3317374f7f698935783167e4718f9a03c08e762d2e7a\000f909c809d98f0051a3317374f7f698935783167e4718f9a03c08e762d2e7a
2024-03-26 13:04:35,074 - INFO - Check whether OLE file is PPT
2024-03-26 13:04:35,074 - WARNING - For now, VBA stomping cannot be detected for files in memory
2024-03-26 13:04:35,123 - INFO - Opening OLE file word/vbaProject.bin
2024-03-26 13:04:35,123 - INFO - Check whether OLE file is PPT
2024-03-26 13:04:35,191 - INFO - Opening OLE file C:\Users\ricewater\Documents\paper_malware_doc\malware_samples\000f909c809d98f0051a3317374f7f698935783167e4718f9a03c08e762d2e7a\000f909c809d98f0051a3317374f7f698935783167e4718f9a03c08e762d2e7a
2024-03-26 13:04:35,191 - INFO - Check whether OLE file is PPT
2024-03-26 13:04:35,191 - INFO - Opening OLE file C:\Users\ricewater\Documents\paper_malware_doc\malware_samples\000f909c809d98f0051a3317374f7f698935783167e4718f9a03c08e762d2e7a\000f909c809d98f0051a3317374f7f698935783167e4718f9a03c08e762d2e7a
2024-03-26 13:04:35,191 - INFO - Check whether OLE file is PPT
2024-03-26 13:04:35,191 - INFO - Opening OLE file C:\Users\ricewater\Documents\paper_malware_doc\malware_samples\000f909c809d98f0051a3317374f7f698935783167e4718f9a03c08e762d2e7a\000f909c809d98f0051a3317374f7f698935783167e4718f9a03c08e762d2e7a
2024-03-26 13:04:35,221 - INFO - Opening OLE file xl/vbaProject.bin
2024-03-26 13:04:35,274 - INFO - Opening OLE file C:\Users\ricewater\Documents\paper_malware_doc\malware_samples\0085d16cf02c7d2f8a95e57814e8858c9ec93f712688922b1bf897e57660433c\0085d16cf02c7d2f8a95e57814e8858c9ec93f712688922b1bf897e57660433c
2024-03-26 13:04:35,406 - INFO - Check whether OLE file is PPT
2024-03-26 13:04:35,454 - INFO - Check whether OLE file is PPT
2024-03-26 13:04:35,455 - INFO - msoffcrypto failed to parse file or determine whether it is encrypted: Unrecognized file format
2024-03-26 13:04:35,523 - INFO - Opening ZIP/OpenXML file C:\Users\ricewater\Documents\paper_malware_doc\malware_samples\009f71de09e839befd15be787f575e152c07012928ce50b5ff7193871c96c424\009f71de09e839befd15be787f575e152c07012928ce50b5ff7193871c96c424
2024-03-26 13:04:35,636 - INFO - Opening OLE file C:\Users\ricewater\Documents\paper_malware_doc\malware_samples\004fa86314e38cfd06aa21034e118367f991892789433fef983308c82ecd9d16\004fa86314e38cfd06aa21034e118367f991892789433fef983308c82ecd9d16
2024-03-26 13:04:35,731 - INFO - Check whether OLE file is PPT
2024-03-26 13:04:35,815 - INFO - Opening OLE file C:\Users\ricewater\Documents\paper_malware_doc\malware_samples\007a9b837968725f26d7894c9ad0be828d121f8a3095b8751f3df0b4f2e836ef\007a9b837968725f26d7894c9ad0be828d121f8a3095b8751f3df0b4f2e836ef
2024-03-26 13:04:35,815 - INFO - Check whether OLE file is PPT
2024-03-26 13:04:36,007 - INFO - Opening ZIP/OpenXML file C:\Users\ricewater\Documents\paper_malware_doc\malware_samples\0031b0f60e0c55398840db06173f4337e39cce6ba83d7b68f325f147f55e98b8\0031b0f60e0c55398840db06173f4337e39cce6ba83d7b68f325f147f55e98b8
2024-03-26 13:04:36,102 - INFO - Opening ZIP/OpenXML file C:\Users\ricewater\Documents\paper_malware_doc\malware_samples\00201c81ddac90753e561427e62f3a4d7149bcb39437c6d6a2da7ccf6a832004\00201c81ddac90753e561427e62f3a4d7149bcb39437c6d6a2da7ccf6a832004
2024-03-26 13:04:36,176 - WARNING - For now, VBA stomping cannot be detected for files in memory
2024-03-26 13:04:36,211 - INFO - Opening OLE file C:\Users\ricewater\Documents\paper_malware_doc\malware_samples\0085d16cf02c7d2f8a95e57814e8858c9ec93f712688922b1bf897e57660433c\0085d16cf02c7d2f8a95e57814e8858c9ec93f712688922b1bf897e57660433c
2024-03-26 13:04:36,264 - INFO - Opening OLE file C:\Users\ricewater\Documents\paper_malware_doc\malware_samples\002bad6a5409af1c677f6b4d7e81a218b6a21715a1549818d637806c3231be4e\002bad6a5409af1c677f6b4d7e81a218b6a21715a1549818d637806c3231be4e
2024-03-26 13:04:36,524 - INFO - Opening OLE file C:\Users\ricewater\Documents\paper_malware_doc\malware_samples\0005144ebb03d2f5a5b17e21362c628ddc1705e910cfd56032b7b55c932b68da\0005144ebb03d2f5a5b17e21362c628ddc1705e910cfd56032b7b55c932b68da
2024-03-26 13:04:36,524 - INFO - Opening ZIP/OpenXML file C:\Users\ricewater\Documents\paper_malware_doc\malware_samples\009f71de09e839befd15be787f575e152c07012928ce50b5ff7193871c96c424\009f71de09e839befd15be787f575e152c07012928ce50b5ff7193871c96c424
2024-03-26 13:04:36,524 - INFO - Opening OLE file C:\Users\ricewater\Documents\paper_malware_doc\malware_samples\00861d9880ea718f826584a1e19511288bd0ab929ac78be861ba3f03c15e52d4\00861d9880ea718f826584a1e19511288bd0ab929ac78be861ba3f03c15e52d4
2024-03-26 13:04:36,594 - WARNING - For now, VBA stomping cannot be detected for files in memory
2024-03-26 13:04:36,656 - INFO - Opening OLE file C:\Users\ricewater\Documents\paper_malware_doc\malware_samples\0028b43b6d196f5fd8793a75bd77abc9ad55f82581ab9611705a5bfce183238d\0028b43b6d196f5fd8793a75bd77abc9ad55f82581ab9611705a5bfce183238d
2024-03-26 13:04:37,041 - INFO - Check whether OLE file is PPT
2024-03-26 13:04:37,041 - WARNING - For now, VBA stomping cannot be detected for files in memory
2024-03-26 13:04:37,041 - INFO - Opening OLE file C:\Users\ricewater\Documents\paper_malware_doc\malware_samples\0028b43b6d196f5fd8793a75bd77abc9ad55f82581ab9611705a5bfce183238d\0028b43b6d196f5fd8793a75bd77abc9ad55f82581ab9611705a5bfce183238d
2024-03-26 13:04:37,041 - INFO - Check whether OLE file is PPT
2024-03-26 13:04:37,041 - INFO - Opening OLE file C:\Users\ricewater\Documents\paper_malware_doc\malware_samples\0028b43b6d196f5fd8793a75bd77abc9ad55f82581ab9611705a5bfce183238d\0028b43b6d196f5fd8793a75bd77abc9ad55f82581ab9611705a5bfce183238d
2024-03-26 13:04:37,041 - INFO - Check whether OLE file is PPT
2024-03-26 13:04:37,056 - INFO - Opening OLE file C:\Users\ricewater\Documents\paper_malware_doc\malware_samples\0028b43b6d196f5fd8793a75bd77abc9ad55f82581ab9611705a5bfce183238d\0028b43b6d196f5fd8793a75bd77abc9ad55f82581ab9611705a5bfce183238d
2024-03-26 13:04:37,056 - INFO - Check whether OLE file is PPT
2024-03-26 13:04:36,709 - INFO - Opening OLE file C:\Users\ricewater\Documents\paper_malware_doc\malware_samples\0085be76f66a4d51c202440ddf5c76d922cfd0c94826d85c4dbe605628b89dc5\0085be76f66a4d51c202440ddf5c76d922cfd0c94826d85c4dbe605628b89dc5
2024-03-26 13:04:36,941 - INFO - Opening OLE file C:\Users\ricewater\Documents\paper_malware_doc\malware_samples\0080d5b38ca93a4053d2fcacbae713c3125c79f3d2733825bdc27d6be7f7369d\0080d5b38ca93a4053d2fcacbae713c3125c79f3d2733825bdc27d6be7f7369d
2024-03-26 13:04:36,993 - INFO - Opening OLE file C:\Users\ricewater\Documents\paper_malware_doc\malware_samples\0038f79daa6af2bce1c43b92c055852a9246577bc17c466bd048ed33892ddadf\0038f79daa6af2bce1c43b92c055852a9246577bc17c466bd048ed33892ddadf
2024-03-26 13:04:36,997 - INFO - Opening OLE file C:\Users\ricewater\Documents\paper_malware_doc\malware_samples\002ca5207a0651bcd415b1bfad5ce1c1758b63c9e1c0c797258db4cbdfadb3b0\002ca5207a0651bcd415b1bfad5ce1c1758b63c9e1c0c797258db4cbdfadb3b0
2024-03-26 13:04:37,000 - INFO - Opening OLE file C:\Users\ricewater\Documents\paper_malware_doc\malware_samples\0065f3ae85261ae38802a013ee3ef2ea968f5c29765feb51b553d59f4fa03b0d\0065f3ae85261ae38802a013ee3ef2ea968f5c29765feb51b553d59f4fa03b0d
2024-03-26 13:04:37,001 - INFO - Check whether OLE file is PPT
2024-03-26 13:04:37,002 - INFO - Opening OLE file C:\Users\ricewater\Documents\paper_malware_doc\malware_samples\000f909c809d98f0051a3317374f7f698935783167e4718f9a03c08e762d2e7a\000f909c809d98f0051a3317374f7f698935783167e4718f9a03c08e762d2e7a
2024-03-26 13:04:37,014 - INFO - Opening ZIP/OpenXML file C:\Users\ricewater\Documents\paper_malware_doc\malware_samples\006dc4ebf2c47becdc58491162728990147717a0d9dd76fefa9b7eb83937c60b\006dc4ebf2c47becdc58491162728990147717a0d9dd76fefa9b7eb83937c60b
2024-03-26 13:04:37,025 - INFO - Opening OLE file C:\Users\ricewater\Documents\paper_malware_doc\malware_samples\0046107fb3c49295f6ce926abf254ebfa0ce321c18d7886056add8a5c2c0f6a3\0046107fb3c49295f6ce926abf254ebfa0ce321c18d7886056add8a5c2c0f6a3
2024-03-26 13:04:37,041 - INFO - Check whether OLE file is PPT
2024-03-26 13:04:36,724 - INFO - Opening OLE file word/vbaProject.bin
2024-03-26 13:04:36,724 - INFO - Opening OLE file C:\Users\ricewater\Documents\paper_malware_doc\malware_samples\00811b4a43db0ac2a88c49f0f4cbda45da02316ba871e9e1fca39f1217a92f46\00811b4a43db0ac2a88c49f0f4cbda45da02316ba871e9e1fca39f1217a92f46
2024-03-26 13:04:36,724 - INFO - Opening OLE file C:\Users\ricewater\Documents\paper_malware_doc\malware_samples\000fc87358f6a0eaa7b7ef7c905aead89b0bad54267f8f0415935cb9b25bfa59\000fc87358f6a0eaa7b7ef7c905aead89b0bad54267f8f0415935cb9b25bfa59
2024-03-26 13:04:36,861 - INFO - Check whether OLE file is PPT
2024-03-26 13:04:36,861 - INFO - Check whether OLE file is PPT
2024-03-26 13:04:36,861 - INFO - Opening OLE file word/vbaProject.bin
2024-03-26 13:04:36,861 - INFO - Check whether OLE file is PPT
2024-03-26 13:04:36,861 - INFO - Opening OLE file C:\Users\ricewater\Documents\paper_malware_doc\malware_samples\001ceb566b07a37caaff79ba3c1e290007e347ec904c398ec2a88358299c6714\001ceb566b07a37caaff79ba3c1e290007e347ec904c398ec2a88358299c6714
2024-03-26 13:04:37,092 - INFO - Opening OLE file C:\Users\ricewater\Documents\paper_malware_doc\malware_samples\00138b128a84da30d2ba4553ed6bd0bd1ee2291140fb20988114b165a780f10e\00138b128a84da30d2ba4553ed6bd0bd1ee2291140fb20988114b165a780f10e
2024-03-26 13:04:37,092 - INFO - Check whether OLE file is PPT
2024-03-26 13:04:37,092 - INFO - Opening OLE file C:\Users\ricewater\Documents\paper_malware_doc\malware_samples\004fa86314e38cfd06aa21034e118367f991892789433fef983308c82ecd9d16\004fa86314e38cfd06aa21034e118367f991892789433fef983308c82ecd9d16
2024-03-26 13:04:37,092 - INFO - Check whether OLE file is PPT
2024-03-26 13:04:37,092 - INFO - Opening OLE file C:\Users\ricewater\Documents\paper_malware_doc\malware_samples\0029be753622f61dd9df4f42b41350d54b130f6dc50f8e73a2547aa461dcdbf6\0029be753622f61dd9df4f42b41350d54b130f6dc50f8e73a2547aa461dcdbf6
2024-03-26 13:04:37,107 - INFO - Check whether OLE file is PPT
2024-03-26 13:04:37,109 - INFO - Opening OLE file C:\Users\ricewater\Documents\paper_malware_doc\malware_samples\004b9a049d08b443c7fc655afef88971bc96a743b1c8a526995261b1c0ad88e4\004b9a049d08b443c7fc655afef88971bc96a743b1c8a526995261b1c0ad88e4
2024-03-26 13:04:37,109 - INFO - Check whether OLE file is PPT
2024-03-26 13:04:37,109 - INFO - Opening OLE file C:\Users\ricewater\Documents\paper_malware_doc\malware_samples\0014b1f1b30b6bf13e6e5b7c10b2a5336cdd2b3d91c9f72338c4195920c2a56f\0014b1f1b30b6bf13e6e5b7c10b2a5336cdd2b3d91c9f72338c4195920c2a56f
2024-03-26 13:04:37,109 - INFO - Check whether OLE file is PPT
2024-03-26 13:04:37,109 - INFO - Opening OLE file C:\Users\ricewater\Documents\paper_malware_doc\malware_samples\0023c0768a94229c01fc43c29f422d55a0c48c6dcadbedc093bc21ffe0034ef9\0023c0768a94229c01fc43c29f422d55a0c48c6dcadbedc093bc21ffe0034ef9
2024-03-26 13:04:37,109 - INFO - Check whether OLE file is PPT
2024-03-26 13:04:37,109 - INFO - Opening OLE file C:\Users\ricewater\Documents\paper_malware_doc\malware_samples\00861d9880ea718f826584a1e19511288bd0ab929ac78be861ba3f03c15e52d4\00861d9880ea718f826584a1e19511288bd0ab929ac78be861ba3f03c15e52d4
2024-03-26 13:04:37,109 - INFO - Opening OLE file C:\Users\ricewater\Documents\paper_malware_doc\malware_samples\0028b43b6d196f5fd8793a75bd77abc9ad55f82581ab9611705a5bfce183238d\0028b43b6d196f5fd8793a75bd77abc9ad55f82581ab9611705a5bfce183238d
2024-03-26 13:04:37,109 - INFO - Check whether OLE file is PPT
2024-03-26 13:04:37,109 - INFO - Check whether OLE file is PPT
2024-03-26 13:04:37,124 - INFO - Check whether OLE file is PPT
2024-03-26 13:04:37,125 - INFO - Check whether OLE file is PPT
2024-03-26 13:04:37,128 - WARNING - invalid value for PROJECTDOCSTRING_Id expected 0005 got 0072
2024-03-26 13:04:37,132 - WARNING - For now, VBA stomping cannot be detected for files in memory
2024-03-26 13:04:37,133 - INFO - Check whether OLE file is PPT
2024-03-26 13:04:37,133 - INFO - Check whether OLE file is PPT
2024-03-26 13:04:37,166 - INFO - Check whether OLE file is PPT
2024-03-26 13:04:37,197 - WARNING - invalid value for PROJECTDOCSTRING_Id expected 0005 got 0051
2024-03-26 13:04:37,258 - WARNING - For now, VBA stomping cannot be detected for files in memory
2024-03-26 13:04:37,258 - INFO - Check whether OLE file is PPT
2024-03-26 13:04:37,318 - INFO - Opening OLE file word/vbaProject.bin
2024-03-26 13:04:37,358 - INFO - Check whether OLE file is PPT
2024-03-26 13:04:37,373 - WARNING - For now, VBA stomping cannot be detected for files in memory
2024-03-26 13:04:37,405 - INFO - Opening OLE file C:\Users\ricewater\Documents\paper_malware_doc\malware_samples\007a9b837968725f26d7894c9ad0be828d121f8a3095b8751f3df0b4f2e836ef\007a9b837968725f26d7894c9ad0be828d121f8a3095b8751f3df0b4f2e836ef
2024-03-26 13:04:37,405 - INFO - Check whether OLE file is PPT
2024-03-26 13:04:37,405 - INFO - Check whether OLE file is PPT
2024-03-26 13:04:37,413 - WARNING - For now, VBA stomping cannot be detected for files in memory
2024-03-26 13:04:37,413 - INFO - Check whether OLE file is PPT
2024-03-26 13:04:37,413 - INFO - Opening OLE file C:\Users\ricewater\Documents\paper_malware_doc\malware_samples\002ca5207a0651bcd415b1bfad5ce1c1758b63c9e1c0c797258db4cbdfadb3b0\002ca5207a0651bcd415b1bfad5ce1c1758b63c9e1c0c797258db4cbdfadb3b0
2024-03-26 13:04:37,413 - WARNING - For now, VBA stomping cannot be detected for files in memory
2024-03-26 13:04:37,464 - ERROR - Error in _extract_vba
Traceback (most recent call last):
  File "C:\Users\ricewater\.conda\envs\adaptclone\lib\site-packages\oletools\olevba.py", line 3526, in extract_macros
    for stream_path, vba_filename, vba_code in \
  File "C:\Users\ricewater\.conda\envs\adaptclone\lib\site-packages\oletools\olevba.py", line 2094, in _extract_vba
    project = VBA_Project(ole, vba_root, project_path, dir_path, relaxed)
  File "C:\Users\ricewater\.conda\envs\adaptclone\lib\site-packages\oletools\olevba.py", line 1680, in __init__
    dir_stream = BytesIO(decompress_stream(bytearray(dir_compressed)))
  File "C:\Users\ricewater\.conda\envs\adaptclone\lib\site-packages\oletools\olevba.py", line 1369, in decompress_stream
    raise ValueError('Invalid CompressedChunkSignature in VBA compressed stream')
ValueError: Invalid CompressedChunkSignature in VBA compressed stream
2024-03-26 13:04:37,484 - INFO - Opening OLE file C:\Users\ricewater\Documents\paper_malware_doc\malware_samples\0085d16cf02c7d2f8a95e57814e8858c9ec93f712688922b1bf897e57660433c\0085d16cf02c7d2f8a95e57814e8858c9ec93f712688922b1bf897e57660433c
2024-03-26 13:04:37,485 - INFO - Check whether OLE file is PPT
2024-03-26 13:04:37,491 - WARNING - For now, VBA stomping cannot be detected for files in memory
2024-03-26 13:04:37,492 - WARNING - For now, VBA stomping cannot be detected for files in memory
2024-03-26 13:04:37,507 - INFO - Check whether OLE file is PPT
2024-03-26 13:04:37,507 - INFO - Opening OLE file C:\Users\ricewater\Documents\paper_malware_doc\malware_samples\005e9151ee4b6399cd27d282bd53104ef59bd89fd3fb65c05cd959992f770afa\005e9151ee4b6399cd27d282bd53104ef59bd89fd3fb65c05cd959992f770afa
2024-03-26 13:04:37,507 - WARNING - For now, VBA stomping cannot be detected for files in memory
2024-03-26 13:04:37,507 - WARNING - For now, VBA stomping cannot be detected for files in memory
2024-03-26 13:04:37,523 - WARNING - For now, VBA stomping cannot be detected for files in memory
2024-03-26 13:04:37,523 - WARNING - For now, VBA stomping cannot be detected for files in memory
2024-03-26 13:04:37,539 - INFO - Opening OLE file C:\Users\ricewater\Documents\paper_malware_doc\malware_samples\0005144ebb03d2f5a5b17e21362c628ddc1705e910cfd56032b7b55c932b68da\0005144ebb03d2f5a5b17e21362c628ddc1705e910cfd56032b7b55c932b68da
2024-03-26 13:04:37,554 - WARNING - For now, VBA stomping cannot be detected for files in memory
2024-03-26 13:04:37,559 - INFO - Check whether OLE file is PPT
2024-03-26 13:04:37,559 - WARNING - invalid value for PROJECTLCID_Id expected 0002 got 004A
2024-03-26 13:04:37,559 - INFO - Opening OLE file C:\Users\ricewater\Documents\paper_malware_doc\malware_samples\001ceb566b07a37caaff79ba3c1e290007e347ec904c398ec2a88358299c6714\001ceb566b07a37caaff79ba3c1e290007e347ec904c398ec2a88358299c6714
2024-03-26 13:04:37,559 - INFO - Opening OLE file C:\Users\ricewater\Documents\paper_malware_doc\malware_samples\000f909c809d98f0051a3317374f7f698935783167e4718f9a03c08e762d2e7a\000f909c809d98f0051a3317374f7f698935783167e4718f9a03c08e762d2e7a
2024-03-26 13:04:37,578 - WARNING - For now, VBA stomping cannot be detected for files in memory
2024-03-26 13:04:37,578 - INFO - Opening OLE file C:\Users\ricewater\Documents\paper_malware_doc\malware_samples\0014b1f1b30b6bf13e6e5b7c10b2a5336cdd2b3d91c9f72338c4195920c2a56f\0014b1f1b30b6bf13e6e5b7c10b2a5336cdd2b3d91c9f72338c4195920c2a56f
2024-03-26 13:04:37,578 - INFO - Check whether OLE file is PPT
2024-03-26 13:04:37,578 - INFO - Opening OLE file C:\Users\ricewater\Documents\paper_malware_doc\malware_samples\0080d5b38ca93a4053d2fcacbae713c3125c79f3d2733825bdc27d6be7f7369d\0080d5b38ca93a4053d2fcacbae713c3125c79f3d2733825bdc27d6be7f7369d
2024-03-26 13:04:37,595 - WARNING - For now, VBA stomping cannot be detected for files in memory
2024-03-26 13:04:37,595 - INFO - Opening OLE file C:\Users\ricewater\Documents\paper_malware_doc\malware_samples\0038f79daa6af2bce1c43b92c055852a9246577bc17c466bd048ed33892ddadf\0038f79daa6af2bce1c43b92c055852a9246577bc17c466bd048ed33892ddadf
2024-03-26 13:04:37,602 - INFO - Check whether OLE file is PPT
2024-03-26 13:04:37,602 - INFO - Opening OLE file C:\Users\ricewater\Documents\paper_malware_doc\malware_samples\0065f3ae85261ae38802a013ee3ef2ea968f5c29765feb51b553d59f4fa03b0d\0065f3ae85261ae38802a013ee3ef2ea968f5c29765feb51b553d59f4fa03b0d
2024-03-26 13:04:37,603 - INFO - Check whether OLE file is PPT
2024-03-26 13:04:37,609 - INFO - Opening OLE file C:\Users\ricewater\Documents\paper_malware_doc\malware_samples\000fc87358f6a0eaa7b7ef7c905aead89b0bad54267f8f0415935cb9b25bfa59\000fc87358f6a0eaa7b7ef7c905aead89b0bad54267f8f0415935cb9b25bfa59
2024-03-26 13:04:37,610 - INFO - Check whether OLE file is PPT
2024-03-26 13:04:37,654 - INFO - Opening OLE file C:\Users\ricewater\Documents\paper_malware_doc\malware_samples\0046107fb3c49295f6ce926abf254ebfa0ce321c18d7886056add8a5c2c0f6a3\0046107fb3c49295f6ce926abf254ebfa0ce321c18d7886056add8a5c2c0f6a3
2024-03-26 13:04:37,654 - INFO - Opening OLE file C:\Users\ricewater\Documents\paper_malware_doc\malware_samples\004fa86314e38cfd06aa21034e118367f991892789433fef983308c82ecd9d16\004fa86314e38cfd06aa21034e118367f991892789433fef983308c82ecd9d16
2024-03-26 13:04:37,675 - WARNING - invalid value for PROJECTLCID_Lcid expected 0409 got 0004
2024-03-26 13:04:37,725 - WARNING - invalid value for PROJECTLCIDINVOKE_Id expected 0014 got 0002
2024-03-26 13:04:37,675 - INFO - Opening OLE file C:\Users\ricewater\Documents\paper_malware_doc\malware_samples\0028b43b6d196f5fd8793a75bd77abc9ad55f82581ab9611705a5bfce183238d\0028b43b6d196f5fd8793a75bd77abc9ad55f82581ab9611705a5bfce183238d
2024-03-26 13:04:37,675 - INFO - Opening OLE file C:\Users\ricewater\Documents\paper_malware_doc\malware_samples\00138b128a84da30d2ba4553ed6bd0bd1ee2291140fb20988114b165a780f10e\00138b128a84da30d2ba4553ed6bd0bd1ee2291140fb20988114b165a780f10e
2024-03-26 13:04:37,675 - INFO - Opening OLE file C:\Users\ricewater\Documents\paper_malware_doc\malware_samples\00861d9880ea718f826584a1e19511288bd0ab929ac78be861ba3f03c15e52d4\00861d9880ea718f826584a1e19511288bd0ab929ac78be861ba3f03c15e52d4
2024-03-26 13:04:37,675 - INFO - Opening OLE file C:\Users\ricewater\Documents\paper_malware_doc\malware_samples\002bad6a5409af1c677f6b4d7e81a218b6a21715a1549818d637806c3231be4e\002bad6a5409af1c677f6b4d7e81a218b6a21715a1549818d637806c3231be4e
2024-03-26 13:04:37,691 - INFO - Check whether OLE file is PPT
2024-03-26 13:04:37,691 - INFO - Opening OLE file C:\Users\ricewater\Documents\paper_malware_doc\malware_samples\0029be753622f61dd9df4f42b41350d54b130f6dc50f8e73a2547aa461dcdbf6\0029be753622f61dd9df4f42b41350d54b130f6dc50f8e73a2547aa461dcdbf6
2024-03-26 13:04:37,707 - INFO - Check whether OLE file is PPT
2024-03-26 13:04:37,707 - WARNING - For now, VBA stomping cannot be detected for files in memory
2024-03-26 13:04:37,707 - INFO - Check whether OLE file is PPT
2024-03-26 13:04:37,707 - INFO - Opening OLE file C:\Users\ricewater\Documents\paper_malware_doc\malware_samples\0023c0768a94229c01fc43c29f422d55a0c48c6dcadbedc093bc21ffe0034ef9\0023c0768a94229c01fc43c29f422d55a0c48c6dcadbedc093bc21ffe0034ef9
2024-03-26 13:04:37,707 - INFO - Check whether OLE file is PPT
2024-03-26 13:04:37,707 - INFO - Opening OLE file C:\Users\ricewater\Documents\paper_malware_doc\malware_samples\00811b4a43db0ac2a88c49f0f4cbda45da02316ba871e9e1fca39f1217a92f46\00811b4a43db0ac2a88c49f0f4cbda45da02316ba871e9e1fca39f1217a92f46
2024-03-26 13:04:37,725 - INFO - Check whether OLE file is PPT
2024-03-26 13:04:37,725 - INFO - Check whether OLE file is PPT
2024-03-26 13:04:37,725 - INFO - Check whether OLE file is PPT
2024-03-26 13:04:37,725 - INFO - Opening OLE file C:\Users\ricewater\Documents\paper_malware_doc\malware_samples\007a9b837968725f26d7894c9ad0be828d121f8a3095b8751f3df0b4f2e836ef\007a9b837968725f26d7894c9ad0be828d121f8a3095b8751f3df0b4f2e836ef
2024-03-26 13:04:37,675 - INFO - Opening OLE file C:\Users\ricewater\Documents\paper_malware_doc\malware_samples\0085be76f66a4d51c202440ddf5c76d922cfd0c94826d85c4dbe605628b89dc5\0085be76f66a4d51c202440ddf5c76d922cfd0c94826d85c4dbe605628b89dc5
2024-03-26 13:04:37,725 - WARNING - invalid value for PROJECTCODEPAGE_Id expected 0003 got 0014
2024-03-26 13:04:37,725 - INFO - Check whether OLE file is PPT
2024-03-26 13:04:37,758 - INFO - Check whether OLE file is PPT
2024-03-26 13:04:37,808 - INFO - Check whether OLE file is PPT
2024-03-26 13:04:37,991 - INFO - Check whether OLE file is PPT
2024-03-26 13:04:38,024 - INFO - Check whether OLE file is PPT
2024-03-26 13:04:38,027 - INFO - Opening OLE file C:\Users\ricewater\Documents\paper_malware_doc\malware_samples\002ca5207a0651bcd415b1bfad5ce1c1758b63c9e1c0c797258db4cbdfadb3b0\002ca5207a0651bcd415b1bfad5ce1c1758b63c9e1c0c797258db4cbdfadb3b0
2024-03-26 13:04:38,027 - INFO - Opening OLE file C:\Users\ricewater\Documents\paper_malware_doc\malware_samples\0005144ebb03d2f5a5b17e21362c628ddc1705e910cfd56032b7b55c932b68da\0005144ebb03d2f5a5b17e21362c628ddc1705e910cfd56032b7b55c932b68da
2024-03-26 13:04:38,041 - INFO - Check whether OLE file is PPT
2024-03-26 13:04:38,057 - INFO - Opening ZIP/OpenXML file C:\Users\ricewater\Documents\paper_malware_doc\malware_samples\006dc4ebf2c47becdc58491162728990147717a0d9dd76fefa9b7eb83937c60b\006dc4ebf2c47becdc58491162728990147717a0d9dd76fefa9b7eb83937c60b
2024-03-26 13:04:38,057 - INFO - Opening OLE file C:\Users\ricewater\Documents\paper_malware_doc\malware_samples\000f909c809d98f0051a3317374f7f698935783167e4718f9a03c08e762d2e7a\000f909c809d98f0051a3317374f7f698935783167e4718f9a03c08e762d2e7a
2024-03-26 13:04:38,070 - INFO - Check whether OLE file is PPT
2024-03-26 13:04:38,085 - INFO - Check whether OLE file is PPT
2024-03-26 13:04:38,085 - INFO - Opening OLE file C:\Users\ricewater\Documents\paper_malware_doc\malware_samples\005e9151ee4b6399cd27d282bd53104ef59bd89fd3fb65c05cd959992f770afa\005e9151ee4b6399cd27d282bd53104ef59bd89fd3fb65c05cd959992f770afa
2024-03-26 13:04:38,085 - INFO - Check whether OLE file is PPT
2024-03-26 13:04:38,085 - WARNING - invalid value for PROJECTCODEPAGE_Size expected 0002 got 0004
2024-03-26 13:04:38,117 - INFO - Check whether OLE file is PPT
2024-03-26 13:04:38,118 - ERROR - Error when running oledump.plugin_biff, please report to https://github.com/decalage2/oletools/issues
Traceback (most recent call last):
  File "C:\Users\ricewater\.conda\envs\adaptclone\lib\site-packages\oletools\thirdparty\oledump\plugin_biff.py", line 84, in P23Decode
    return value.decode('utf-8')
UnicodeDecodeError: 'utf-8' codec can't decode byte 0x81 in position 0: invalid start byte

During handling of the above exception, another exception occurred:

Traceback (most recent call last):
  File "C:\Users\ricewater\.conda\envs\adaptclone\lib\site-packages\oletools\olevba.py", line 3435, in _extract_xlm_plugin_biff
    self.xlm_macros = biff_plugin.Analyze()
  File "C:\Users\ricewater\.conda\envs\adaptclone\lib\site-packages\oletools\thirdparty\oledump\plugin_biff.py", line 5320, in Analyze
    parsedExpression, stack = ParseExpression(expression, definesNames, sheetNames, options.cellrefformat)
  File "C:\Users\ricewater\.conda\envs\adaptclone\lib\site-packages\oletools\thirdparty\oledump\plugin_biff.py", line 1202, in ParseExpression
    stringValue = P23Decode(expression[:length*2])
  File "C:\Users\ricewater\.conda\envs\adaptclone\lib\site-packages\oletools\thirdparty\oledump\plugin_biff.py", line 86, in P23Decode
    return value.decode('windows-1252')
  File "C:\Users\ricewater\.conda\envs\adaptclone\lib\encodings\cp1252.py", line 15, in decode
    return codecs.charmap_decode(input,errors,decoding_table)
UnicodeDecodeError: 'charmap' codec can't decode byte 0x81 in position 0: character maps to <undefined>
2024-03-26 13:04:38,141 - INFO - Opening OLE file C:\Users\ricewater\Documents\paper_malware_doc\malware_samples\0085d16cf02c7d2f8a95e57814e8858c9ec93f712688922b1bf897e57660433c\0085d16cf02c7d2f8a95e57814e8858c9ec93f712688922b1bf897e57660433c
2024-03-26 13:04:38,141 - INFO - Check whether OLE file is PPT
2024-03-26 13:04:38,157 - INFO - Opening OLE file C:\Users\ricewater\Documents\paper_malware_doc\malware_samples\0038f79daa6af2bce1c43b92c055852a9246577bc17c466bd048ed33892ddadf\0038f79daa6af2bce1c43b92c055852a9246577bc17c466bd048ed33892ddadf
2024-03-26 13:04:38,227 - INFO - Opening OLE file C:\Users\ricewater\Documents\paper_malware_doc\malware_samples\0046107fb3c49295f6ce926abf254ebfa0ce321c18d7886056add8a5c2c0f6a3\0046107fb3c49295f6ce926abf254ebfa0ce321c18d7886056add8a5c2c0f6a3
2024-03-26 13:04:38,242 - INFO - Opening OLE file C:\Users\ricewater\Documents\paper_malware_doc\malware_samples\0065f3ae85261ae38802a013ee3ef2ea968f5c29765feb51b553d59f4fa03b0d\0065f3ae85261ae38802a013ee3ef2ea968f5c29765feb51b553d59f4fa03b0d
2024-03-26 13:04:38,275 - INFO - Check whether OLE file is PPT
2024-03-26 13:04:38,275 - INFO - Check whether OLE file is PPT
2024-03-26 13:04:38,310 - INFO - Opening OLE file C:\Users\ricewater\Documents\paper_malware_doc\malware_samples\0014b1f1b30b6bf13e6e5b7c10b2a5336cdd2b3d91c9f72338c4195920c2a56f\0014b1f1b30b6bf13e6e5b7c10b2a5336cdd2b3d91c9f72338c4195920c2a56f
2024-03-26 13:04:38,310 - INFO - Opening OLE file C:\Users\ricewater\Documents\paper_malware_doc\malware_samples\004fa86314e38cfd06aa21034e118367f991892789433fef983308c82ecd9d16\004fa86314e38cfd06aa21034e118367f991892789433fef983308c82ecd9d16
2024-03-26 13:04:38,310 - WARNING - invalid value for PROJECTNAME_Id expected 0004 got 0000
2024-03-26 13:04:38,310 - INFO - Check whether OLE file is PPT
2024-03-26 13:04:38,310 - INFO - Opening OLE file C:\Users\ricewater\Documents\paper_malware_doc\malware_samples\0028b43b6d196f5fd8793a75bd77abc9ad55f82581ab9611705a5bfce183238d\0028b43b6d196f5fd8793a75bd77abc9ad55f82581ab9611705a5bfce183238d
2024-03-26 13:04:38,310 - INFO - Opening OLE file C:\Users\ricewater\Documents\paper_malware_doc\malware_samples\0080d5b38ca93a4053d2fcacbae713c3125c79f3d2733825bdc27d6be7f7369d\0080d5b38ca93a4053d2fcacbae713c3125c79f3d2733825bdc27d6be7f7369d
2024-03-26 13:04:38,310 - INFO - Check whether OLE file is PPT
2024-03-26 13:04:38,310 - INFO - Opening OLE file C:\Users\ricewater\Documents\paper_malware_doc\malware_samples\00138b128a84da30d2ba4553ed6bd0bd1ee2291140fb20988114b165a780f10e\00138b128a84da30d2ba4553ed6bd0bd1ee2291140fb20988114b165a780f10e
2024-03-26 13:04:38,325 - INFO - Check whether OLE file is PPT
2024-03-26 13:04:38,325 - INFO - Opening OLE file C:\Users\ricewater\Documents\paper_malware_doc\malware_samples\001ceb566b07a37caaff79ba3c1e290007e347ec904c398ec2a88358299c6714\001ceb566b07a37caaff79ba3c1e290007e347ec904c398ec2a88358299c6714
2024-03-26 13:04:38,325 - INFO - Opening OLE file C:\Users\ricewater\Documents\paper_malware_doc\malware_samples\00861d9880ea718f826584a1e19511288bd0ab929ac78be861ba3f03c15e52d4\00861d9880ea718f826584a1e19511288bd0ab929ac78be861ba3f03c15e52d4
2024-03-26 13:04:38,332 - INFO - Opening OLE file word/vbaProject.bin
2024-03-26 13:04:38,332 - INFO - Check whether OLE file is PPT
2024-03-26 13:04:38,332 - INFO - Opening OLE file C:\Users\ricewater\Documents\paper_malware_doc\malware_samples\0023c0768a94229c01fc43c29f422d55a0c48c6dcadbedc093bc21ffe0034ef9\0023c0768a94229c01fc43c29f422d55a0c48c6dcadbedc093bc21ffe0034ef9
2024-03-26 13:04:38,332 - INFO - Check whether OLE file is PPT
2024-03-26 13:04:38,332 - INFO - Check whether OLE file is PPT
2024-03-26 13:04:38,348 - INFO - Check whether OLE file is PPT
2024-03-26 13:04:38,348 - ERROR - PROJECTNAME_SizeOfProjectName value not in range [1-128]: 131075
2024-03-26 13:04:38,348 - INFO - Check whether OLE file is PPT
2024-03-26 13:04:38,348 - INFO - Opening OLE file C:\Users\ricewater\Documents\paper_malware_doc\malware_samples\000fc87358f6a0eaa7b7ef7c905aead89b0bad54267f8f0415935cb9b25bfa59\000fc87358f6a0eaa7b7ef7c905aead89b0bad54267f8f0415935cb9b25bfa59
2024-03-26 13:04:38,348 - INFO - Opening OLE file C:\Users\ricewater\Documents\paper_malware_doc\malware_samples\00811b4a43db0ac2a88c49f0f4cbda45da02316ba871e9e1fca39f1217a92f46\00811b4a43db0ac2a88c49f0f4cbda45da02316ba871e9e1fca39f1217a92f46
2024-03-26 13:04:38,348 - INFO - Opening OLE file C:\Users\ricewater\Documents\paper_malware_doc\malware_samples\002bad6a5409af1c677f6b4d7e81a218b6a21715a1549818d637806c3231be4e\002bad6a5409af1c677f6b4d7e81a218b6a21715a1549818d637806c3231be4e
2024-03-26 13:04:38,348 - INFO - Opening OLE file C:\Users\ricewater\Documents\paper_malware_doc\malware_samples\007a9b837968725f26d7894c9ad0be828d121f8a3095b8751f3df0b4f2e836ef\007a9b837968725f26d7894c9ad0be828d121f8a3095b8751f3df0b4f2e836ef
2024-03-26 13:04:38,359 - INFO - Check whether OLE file is PPT
2024-03-26 13:04:38,359 - INFO - Check whether OLE file is PPT
2024-03-26 13:04:38,391 - INFO - Check whether OLE file is PPT
2024-03-26 13:04:38,391 - INFO - Check whether OLE file is PPT
2024-03-26 13:04:38,391 - INFO - Check whether OLE file is PPT
2024-03-26 13:04:38,425 - ERROR - Error in _extract_vba
Traceback (most recent call last):
  File "C:\Users\ricewater\.conda\envs\adaptclone\lib\site-packages\oletools\olevba.py", line 3526, in extract_macros
    for stream_path, vba_filename, vba_code in \
  File "C:\Users\ricewater\.conda\envs\adaptclone\lib\site-packages\oletools\olevba.py", line 2094, in _extract_vba
    project = VBA_Project(ole, vba_root, project_path, dir_path, relaxed)
  File "C:\Users\ricewater\.conda\envs\adaptclone\lib\site-packages\oletools\olevba.py", line 1752, in __init__
    projectdocstring_id = struct.unpack("<H", dir_stream.read(2))[0]
struct.error: unpack requires a buffer of 2 bytes
2024-03-26 13:04:38,460 - INFO - Check whether OLE file is PPT
2024-03-26 13:04:38,460 - INFO - Check whether OLE file is PPT
2024-03-26 13:04:38,477 - INFO - Check whether OLE file is PPT
2024-03-26 13:04:38,556 - INFO - Opening OLE file C:\Users\ricewater\Documents\paper_malware_doc\malware_samples\0038f79daa6af2bce1c43b92c055852a9246577bc17c466bd048ed33892ddadf\0038f79daa6af2bce1c43b92c055852a9246577bc17c466bd048ed33892ddadf
2024-03-26 13:04:38,605 - INFO - Opening OLE file C:\Users\ricewater\Documents\paper_malware_doc\malware_samples\0005144ebb03d2f5a5b17e21362c628ddc1705e910cfd56032b7b55c932b68da\0005144ebb03d2f5a5b17e21362c628ddc1705e910cfd56032b7b55c932b68da
2024-03-26 13:04:38,659 - INFO - Opening OLE file C:\Users\ricewater\Documents\paper_malware_doc\malware_samples\0085be76f66a4d51c202440ddf5c76d922cfd0c94826d85c4dbe605628b89dc5\0085be76f66a4d51c202440ddf5c76d922cfd0c94826d85c4dbe605628b89dc5
2024-03-26 13:04:38,660 - INFO - Opening OLE file C:\Users\ricewater\Documents\paper_malware_doc\malware_samples\000f909c809d98f0051a3317374f7f698935783167e4718f9a03c08e762d2e7a\000f909c809d98f0051a3317374f7f698935783167e4718f9a03c08e762d2e7a
2024-03-26 13:04:38,708 - INFO - Opening OLE file C:\Users\ricewater\Documents\paper_malware_doc\malware_samples\0046107fb3c49295f6ce926abf254ebfa0ce321c18d7886056add8a5c2c0f6a3\0046107fb3c49295f6ce926abf254ebfa0ce321c18d7886056add8a5c2c0f6a3
2024-03-26 13:04:38,715 - INFO - Check whether OLE file is PPT
2024-03-26 13:04:38,716 - INFO - Check whether OLE file is PPT
2024-03-26 13:04:38,717 - INFO - Opening OLE file C:\Users\ricewater\Documents\paper_malware_doc\malware_samples\0085d16cf02c7d2f8a95e57814e8858c9ec93f712688922b1bf897e57660433c\0085d16cf02c7d2f8a95e57814e8858c9ec93f712688922b1bf897e57660433c
2024-03-26 13:04:38,718 - INFO - Check whether OLE file is PPT
2024-03-26 13:04:38,718 - INFO - Opening OLE file C:\Users\ricewater\Documents\paper_malware_doc\malware_samples\0014b1f1b30b6bf13e6e5b7c10b2a5336cdd2b3d91c9f72338c4195920c2a56f\0014b1f1b30b6bf13e6e5b7c10b2a5336cdd2b3d91c9f72338c4195920c2a56f
2024-03-26 13:04:38,759 - WARNING - For now, VBA stomping cannot be detected for files in memory
2024-03-26 13:04:38,776 - INFO - Opening OLE file C:\Users\ricewater\Documents\paper_malware_doc\malware_samples\0065f3ae85261ae38802a013ee3ef2ea968f5c29765feb51b553d59f4fa03b0d\0065f3ae85261ae38802a013ee3ef2ea968f5c29765feb51b553d59f4fa03b0d
2024-03-26 13:04:38,793 - WARNING - For now, VBA stomping cannot be detected for files in memory
2024-03-26 13:04:38,793 - INFO - Opening OLE file C:\Users\ricewater\Documents\paper_malware_doc\malware_samples\004fa86314e38cfd06aa21034e118367f991892789433fef983308c82ecd9d16\004fa86314e38cfd06aa21034e118367f991892789433fef983308c82ecd9d16
2024-03-26 13:04:38,793 - INFO - Check whether OLE file is PPT
2024-03-26 13:04:38,793 - INFO - Opening OLE file C:\Users\ricewater\Documents\paper_malware_doc\malware_samples\0028b43b6d196f5fd8793a75bd77abc9ad55f82581ab9611705a5bfce183238d\0028b43b6d196f5fd8793a75bd77abc9ad55f82581ab9611705a5bfce183238d
2024-03-26 13:04:38,810 - INFO - Opening OLE file C:\Users\ricewater\Documents\paper_malware_doc\malware_samples\00861d9880ea718f826584a1e19511288bd0ab929ac78be861ba3f03c15e52d4\00861d9880ea718f826584a1e19511288bd0ab929ac78be861ba3f03c15e52d4
2024-03-26 13:04:38,810 - INFO - Opening OLE file C:\Users\ricewater\Documents\paper_malware_doc\malware_samples\005e9151ee4b6399cd27d282bd53104ef59bd89fd3fb65c05cd959992f770afa\005e9151ee4b6399cd27d282bd53104ef59bd89fd3fb65c05cd959992f770afa
2024-03-26 13:04:38,810 - ERROR - Error in _extract_vba
Traceback (most recent call last):
  File "C:\Users\ricewater\.conda\envs\adaptclone\lib\site-packages\oletools\olevba.py", line 3526, in extract_macros
    for stream_path, vba_filename, vba_code in \
  File "C:\Users\ricewater\.conda\envs\adaptclone\lib\site-packages\oletools\olevba.py", line 2094, in _extract_vba
    project = VBA_Project(ole, vba_root, project_path, dir_path, relaxed)
  File "C:\Users\ricewater\.conda\envs\adaptclone\lib\site-packages\oletools\olevba.py", line 1680, in __init__
    dir_stream = BytesIO(decompress_stream(bytearray(dir_compressed)))
  File "C:\Users\ricewater\.conda\envs\adaptclone\lib\site-packages\oletools\olevba.py", line 1369, in decompress_stream
    raise ValueError('Invalid CompressedChunkSignature in VBA compressed stream')
ValueError: Invalid CompressedChunkSignature in VBA compressed stream
2024-03-26 13:04:38,810 - INFO - Opening OLE file C:\Users\ricewater\Documents\paper_malware_doc\malware_samples\0080d5b38ca93a4053d2fcacbae713c3125c79f3d2733825bdc27d6be7f7369d\0080d5b38ca93a4053d2fcacbae713c3125c79f3d2733825bdc27d6be7f7369d
2024-03-26 13:04:38,826 - INFO - Check whether OLE file is PPT
2024-03-26 13:04:38,826 - INFO - Check whether OLE file is PPT
2024-03-26 13:04:38,826 - INFO - Check whether OLE file is PPT
2024-03-26 13:04:38,826 - INFO - Check whether OLE file is PPT
2024-03-26 13:04:38,826 - INFO - Opening OLE file C:\Users\ricewater\Documents\paper_malware_doc\malware_samples\0023c0768a94229c01fc43c29f422d55a0c48c6dcadbedc093bc21ffe0034ef9\0023c0768a94229c01fc43c29f422d55a0c48c6dcadbedc093bc21ffe0034ef9
2024-03-26 13:04:38,826 - INFO - Check whether OLE file is PPT
2024-03-26 13:04:38,826 - INFO - Opening OLE file C:\Users\ricewater\Documents\paper_malware_doc\malware_samples\007a9b837968725f26d7894c9ad0be828d121f8a3095b8751f3df0b4f2e836ef\007a9b837968725f26d7894c9ad0be828d121f8a3095b8751f3df0b4f2e836ef
2024-03-26 13:04:38,826 - INFO - Opening OLE file C:\Users\ricewater\Documents\paper_malware_doc\malware_samples\004b9a049d08b443c7fc655afef88971bc96a743b1c8a526995261b1c0ad88e4\004b9a049d08b443c7fc655afef88971bc96a743b1c8a526995261b1c0ad88e4
2024-03-26 13:04:38,826 - INFO - Opening OLE file C:\Users\ricewater\Documents\paper_malware_doc\malware_samples\00138b128a84da30d2ba4553ed6bd0bd1ee2291140fb20988114b165a780f10e\00138b128a84da30d2ba4553ed6bd0bd1ee2291140fb20988114b165a780f10e
2024-03-26 13:04:38,826 - INFO - Check whether OLE file is PPT
2024-03-26 13:04:38,826 - INFO - Check whether OLE file is PPT
2024-03-26 13:04:38,826 - INFO - Check whether OLE file is PPT
2024-03-26 13:04:38,879 - ERROR - Error when running oledump.plugin_biff, please report to https://github.com/decalage2/oletools/issues
Traceback (most recent call last):
  File "C:\Users\ricewater\.conda\envs\adaptclone\lib\site-packages\oletools\thirdparty\oledump\plugin_biff.py", line 84, in P23Decode
    return value.decode('utf-8')
UnicodeDecodeError: 'utf-8' codec can't decode byte 0x81 in position 0: invalid start byte

During handling of the above exception, another exception occurred:

Traceback (most recent call last):
  File "C:\Users\ricewater\.conda\envs\adaptclone\lib\site-packages\oletools\olevba.py", line 3435, in _extract_xlm_plugin_biff
    self.xlm_macros = biff_plugin.Analyze()
  File "C:\Users\ricewater\.conda\envs\adaptclone\lib\site-packages\oletools\thirdparty\oledump\plugin_biff.py", line 5320, in Analyze
    parsedExpression, stack = ParseExpression(expression, definesNames, sheetNames, options.cellrefformat)
  File "C:\Users\ricewater\.conda\envs\adaptclone\lib\site-packages\oletools\thirdparty\oledump\plugin_biff.py", line 1202, in ParseExpression
    stringValue = P23Decode(expression[:length*2])
  File "C:\Users\ricewater\.conda\envs\adaptclone\lib\site-packages\oletools\thirdparty\oledump\plugin_biff.py", line 86, in P23Decode
    return value.decode('windows-1252')
  File "C:\Users\ricewater\.conda\envs\adaptclone\lib\encodings\cp1252.py", line 15, in decode
    return codecs.charmap_decode(input,errors,decoding_table)
UnicodeDecodeError: 'charmap' codec can't decode byte 0x81 in position 0: character maps to <undefined>
2024-03-26 13:04:38,880 - INFO - Check whether OLE file is PPT
2024-03-26 13:04:38,909 - WARNING - invalid value for PROJECTDOCSTRING_Id expected 0005 got 0072
2024-03-26 13:04:38,926 - INFO - Check whether OLE file is PPT
2024-03-26 13:04:38,942 - INFO - Opening ZIP/OpenXML file C:\Users\ricewater\Documents\paper_malware_doc\malware_samples\006dc4ebf2c47becdc58491162728990147717a0d9dd76fefa9b7eb83937c60b\006dc4ebf2c47becdc58491162728990147717a0d9dd76fefa9b7eb83937c60b
2024-03-26 13:04:38,942 - WARNING - invalid value for PROJECTDOCSTRING_Id expected 0005 got 0051
2024-03-26 13:04:38,942 - INFO - Opening ZIP/OpenXML file C:\Users\ricewater\Documents\paper_malware_doc\malware_samples\00364891d2fc7a5b9d6cf3f3aedb466a49d59ae1c63e2c49b5c4922e6c507385\00364891d2fc7a5b9d6cf3f3aedb466a49d59ae1c63e2c49b5c4922e6c507385
2024-03-26 13:04:38,974 - INFO - Check whether OLE file is PPT
2024-03-26 13:04:38,974 - INFO - Opening OLE file C:\Users\ricewater\Documents\paper_malware_doc\malware_samples\002ca5207a0651bcd415b1bfad5ce1c1758b63c9e1c0c797258db4cbdfadb3b0\002ca5207a0651bcd415b1bfad5ce1c1758b63c9e1c0c797258db4cbdfadb3b0
2024-03-26 13:04:38,974 - INFO - Check whether OLE file is PPT
2024-03-26 13:04:38,974 - INFO - Check whether OLE file is PPT
2024-03-26 13:04:38,974 - INFO - Check whether OLE file is PPT
2024-03-26 13:04:38,993 - INFO - Check whether OLE file is PPT
2024-03-26 13:04:38,993 - INFO - Opening OLE file C:\Users\ricewater\Documents\paper_malware_doc\malware_samples\0046107fb3c49295f6ce926abf254ebfa0ce321c18d7886056add8a5c2c0f6a3\0046107fb3c49295f6ce926abf254ebfa0ce321c18d7886056add8a5c2c0f6a3
2024-03-26 13:04:39,008 - INFO - Opening OLE file C:\Users\ricewater\Documents\paper_malware_doc\malware_samples\0038f79daa6af2bce1c43b92c055852a9246577bc17c466bd048ed33892ddadf\0038f79daa6af2bce1c43b92c055852a9246577bc17c466bd048ed33892ddadf
2024-03-26 13:04:39,008 - INFO - Opening OLE file C:\Users\ricewater\Documents\paper_malware_doc\malware_samples\0005144ebb03d2f5a5b17e21362c628ddc1705e910cfd56032b7b55c932b68da\0005144ebb03d2f5a5b17e21362c628ddc1705e910cfd56032b7b55c932b68da
2024-03-26 13:04:39,008 - INFO - Check whether OLE file is PPT
2024-03-26 13:04:39,008 - INFO - Opening OLE file C:\Users\ricewater\Documents\paper_malware_doc\malware_samples\00811b4a43db0ac2a88c49f0f4cbda45da02316ba871e9e1fca39f1217a92f46\00811b4a43db0ac2a88c49f0f4cbda45da02316ba871e9e1fca39f1217a92f46
2024-03-26 13:04:39,008 - INFO - Opening OLE file C:\Users\ricewater\Documents\paper_malware_doc\malware_samples\0029be753622f61dd9df4f42b41350d54b130f6dc50f8e73a2547aa461dcdbf6\0029be753622f61dd9df4f42b41350d54b130f6dc50f8e73a2547aa461dcdbf6
2024-03-26 13:04:39,008 - INFO - Check whether OLE file is PPT
2024-03-26 13:04:39,008 - INFO - Opening OLE file C:\Users\ricewater\Documents\paper_malware_doc\malware_samples\0085d16cf02c7d2f8a95e57814e8858c9ec93f712688922b1bf897e57660433c\0085d16cf02c7d2f8a95e57814e8858c9ec93f712688922b1bf897e57660433c
2024-03-26 13:04:39,008 - INFO - Opening OLE file C:\Users\ricewater\Documents\paper_malware_doc\malware_samples\000f909c809d98f0051a3317374f7f698935783167e4718f9a03c08e762d2e7a\000f909c809d98f0051a3317374f7f698935783167e4718f9a03c08e762d2e7a
2024-03-26 13:04:39,033 - INFO - Opening OLE file C:\Users\ricewater\Documents\paper_malware_doc\malware_samples\0065f3ae85261ae38802a013ee3ef2ea968f5c29765feb51b553d59f4fa03b0d\0065f3ae85261ae38802a013ee3ef2ea968f5c29765feb51b553d59f4fa03b0d
2024-03-26 13:04:39,033 - INFO - Opening OLE file C:\Users\ricewater\Documents\paper_malware_doc\malware_samples\0014b1f1b30b6bf13e6e5b7c10b2a5336cdd2b3d91c9f72338c4195920c2a56f\0014b1f1b30b6bf13e6e5b7c10b2a5336cdd2b3d91c9f72338c4195920c2a56f
2024-03-26 13:04:39,033 - INFO - Opening OLE file C:\Users\ricewater\Documents\paper_malware_doc\malware_samples\000fc87358f6a0eaa7b7ef7c905aead89b0bad54267f8f0415935cb9b25bfa59\000fc87358f6a0eaa7b7ef7c905aead89b0bad54267f8f0415935cb9b25bfa59
2024-03-26 13:04:39,033 - INFO - Opening OLE file C:\Users\ricewater\Documents\paper_malware_doc\malware_samples\00861d9880ea718f826584a1e19511288bd0ab929ac78be861ba3f03c15e52d4\00861d9880ea718f826584a1e19511288bd0ab929ac78be861ba3f03c15e52d4
2024-03-26 13:04:39,043 - INFO - Check whether OLE file is PPT
2024-03-26 13:04:39,045 - INFO - Opening OLE file C:\Users\ricewater\Documents\paper_malware_doc\malware_samples\004fa86314e38cfd06aa21034e118367f991892789433fef983308c82ecd9d16\004fa86314e38cfd06aa21034e118367f991892789433fef983308c82ecd9d16
2024-03-26 13:04:39,060 - INFO - Check whether OLE file is PPT
2024-03-26 13:04:39,061 - INFO - Check whether OLE file is PPT
2024-03-26 13:04:39,062 - INFO - Opening OLE file C:\Users\ricewater\Documents\paper_malware_doc\malware_samples\0080d5b38ca93a4053d2fcacbae713c3125c79f3d2733825bdc27d6be7f7369d\0080d5b38ca93a4053d2fcacbae713c3125c79f3d2733825bdc27d6be7f7369d
2024-03-26 13:04:39,108 - INFO - Opening OLE file C:\Users\ricewater\Documents\paper_malware_doc\malware_samples\0028b43b6d196f5fd8793a75bd77abc9ad55f82581ab9611705a5bfce183238d\0028b43b6d196f5fd8793a75bd77abc9ad55f82581ab9611705a5bfce183238d
2024-03-26 13:04:39,109 - INFO - Opening OLE file C:\Users\ricewater\Documents\paper_malware_doc\malware_samples\0023c0768a94229c01fc43c29f422d55a0c48c6dcadbedc093bc21ffe0034ef9\0023c0768a94229c01fc43c29f422d55a0c48c6dcadbedc093bc21ffe0034ef9
2024-03-26 13:04:39,130 - INFO - Opening OLE file xl/vbaProject.bin
2024-03-26 13:04:39,132 - INFO - Check whether OLE file is PPT
2024-03-26 13:04:39,132 - INFO - Opening OLE file C:\Users\ricewater\Documents\paper_malware_doc\malware_samples\007a9b837968725f26d7894c9ad0be828d121f8a3095b8751f3df0b4f2e836ef\007a9b837968725f26d7894c9ad0be828d121f8a3095b8751f3df0b4f2e836ef
2024-03-26 13:04:39,157 - INFO - Opening OLE file C:\Users\ricewater\Documents\paper_malware_doc\malware_samples\002bad6a5409af1c677f6b4d7e81a218b6a21715a1549818d637806c3231be4e\002bad6a5409af1c677f6b4d7e81a218b6a21715a1549818d637806c3231be4e
2024-03-26 13:04:39,160 - INFO - Check whether OLE file is PPT
2024-03-26 13:04:39,160 - INFO - Opening OLE file C:\Users\ricewater\Documents\paper_malware_doc\malware_samples\0085be76f66a4d51c202440ddf5c76d922cfd0c94826d85c4dbe605628b89dc5\0085be76f66a4d51c202440ddf5c76d922cfd0c94826d85c4dbe605628b89dc5
2024-03-26 13:04:39,160 - INFO - Check whether OLE file is PPT
2024-03-26 13:04:39,160 - INFO - Check whether OLE file is PPT
2024-03-26 13:04:39,172 - INFO - Check whether OLE file is PPT
2024-03-26 13:04:39,172 - INFO - Opening OLE file word/vbaProject.bin
2024-03-26 13:04:39,172 - INFO - Opening OLE file C:\Users\ricewater\Documents\paper_malware_doc\malware_samples\004b9a049d08b443c7fc655afef88971bc96a743b1c8a526995261b1c0ad88e4\004b9a049d08b443c7fc655afef88971bc96a743b1c8a526995261b1c0ad88e4
2024-03-26 13:04:39,172 - INFO - Check whether OLE file is PPT
2024-03-26 13:04:39,172 - INFO - Check whether OLE file is PPT
2024-03-26 13:04:39,172 - INFO - Check whether OLE file is PPT
2024-03-26 13:04:39,172 - INFO - Check whether OLE file is PPT
2024-03-26 13:04:39,188 - INFO - Check whether OLE file is PPT
2024-03-26 13:04:39,210 - INFO - Check whether OLE file is PPT
2024-03-26 13:04:39,225 - INFO - Opening OLE file C:\Users\ricewater\Documents\paper_malware_doc\malware_samples\00138b128a84da30d2ba4553ed6bd0bd1ee2291140fb20988114b165a780f10e\00138b128a84da30d2ba4553ed6bd0bd1ee2291140fb20988114b165a780f10e
2024-03-26 13:04:39,242 - INFO - Check whether OLE file is PPT
2024-03-26 13:04:39,257 - INFO - Opening OLE file C:\Users\ricewater\Documents\paper_malware_doc\malware_samples\001ceb566b07a37caaff79ba3c1e290007e347ec904c398ec2a88358299c6714\001ceb566b07a37caaff79ba3c1e290007e347ec904c398ec2a88358299c6714
2024-03-26 13:04:39,293 - INFO - Opening OLE file C:\Users\ricewater\Documents\paper_malware_doc\malware_samples\0046107fb3c49295f6ce926abf254ebfa0ce321c18d7886056add8a5c2c0f6a3\0046107fb3c49295f6ce926abf254ebfa0ce321c18d7886056add8a5c2c0f6a3
2024-03-26 13:04:39,293 - INFO - Check whether OLE file is PPT
2024-03-26 13:04:39,309 - INFO - Check whether OLE file is PPT
2024-03-26 13:04:39,310 - INFO - Check whether OLE file is PPT
2024-03-26 13:04:39,310 - INFO - Check whether OLE file is PPT
2024-03-26 13:04:39,310 - INFO - Opening OLE file C:\Users\ricewater\Documents\paper_malware_doc\malware_samples\0065f3ae85261ae38802a013ee3ef2ea968f5c29765feb51b553d59f4fa03b0d\0065f3ae85261ae38802a013ee3ef2ea968f5c29765feb51b553d59f4fa03b0d
2024-03-26 13:04:39,359 - INFO - Opening OLE file C:\Users\ricewater\Documents\paper_malware_doc\malware_samples\0005144ebb03d2f5a5b17e21362c628ddc1705e910cfd56032b7b55c932b68da\0005144ebb03d2f5a5b17e21362c628ddc1705e910cfd56032b7b55c932b68da
2024-03-26 13:04:39,393 - INFO - Check whether OLE file is PPT
2024-03-26 13:04:39,393 - INFO - Opening OLE file C:\Users\ricewater\Documents\paper_malware_doc\malware_samples\002ca5207a0651bcd415b1bfad5ce1c1758b63c9e1c0c797258db4cbdfadb3b0\002ca5207a0651bcd415b1bfad5ce1c1758b63c9e1c0c797258db4cbdfadb3b0
2024-03-26 13:04:39,442 - INFO - Opening OLE file C:\Users\ricewater\Documents\paper_malware_doc\malware_samples\0038f79daa6af2bce1c43b92c055852a9246577bc17c466bd048ed33892ddadf\0038f79daa6af2bce1c43b92c055852a9246577bc17c466bd048ed33892ddadf
2024-03-26 13:04:39,442 - INFO - Opening OLE file C:\Users\ricewater\Documents\paper_malware_doc\malware_samples\00811b4a43db0ac2a88c49f0f4cbda45da02316ba871e9e1fca39f1217a92f46\00811b4a43db0ac2a88c49f0f4cbda45da02316ba871e9e1fca39f1217a92f46
2024-03-26 13:04:39,476 - INFO - Opening OLE file C:\Users\ricewater\Documents\paper_malware_doc\malware_samples\0014b1f1b30b6bf13e6e5b7c10b2a5336cdd2b3d91c9f72338c4195920c2a56f\0014b1f1b30b6bf13e6e5b7c10b2a5336cdd2b3d91c9f72338c4195920c2a56f
2024-03-26 13:04:39,526 - INFO - Check whether OLE file is PPT
2024-03-26 13:04:39,543 - INFO - Check whether OLE file is PPT
2024-03-26 13:04:39,559 - INFO - Opening OLE file C:\Users\ricewater\Documents\paper_malware_doc\malware_samples\000f909c809d98f0051a3317374f7f698935783167e4718f9a03c08e762d2e7a\000f909c809d98f0051a3317374f7f698935783167e4718f9a03c08e762d2e7a
2024-03-26 13:04:39,576 - INFO - Check whether OLE file is PPT
2024-03-26 13:04:39,576 - INFO - Opening OLE file C:\Users\ricewater\Documents\paper_malware_doc\malware_samples\005e9151ee4b6399cd27d282bd53104ef59bd89fd3fb65c05cd959992f770afa\005e9151ee4b6399cd27d282bd53104ef59bd89fd3fb65c05cd959992f770afa
2024-03-26 13:04:39,611 - INFO - Check whether OLE file is PPT
2024-03-26 13:04:39,612 - INFO - Check whether OLE file is PPT
2024-03-26 13:04:39,625 - INFO - Check whether OLE file is PPT
2024-03-26 13:04:39,625 - INFO - Opening OLE file C:\Users\ricewater\Documents\paper_malware_doc\malware_samples\0028b43b6d196f5fd8793a75bd77abc9ad55f82581ab9611705a5bfce183238d\0028b43b6d196f5fd8793a75bd77abc9ad55f82581ab9611705a5bfce183238d
2024-03-26 13:04:39,641 - INFO - Opening OLE file C:\Users\ricewater\Documents\paper_malware_doc\malware_samples\00861d9880ea718f826584a1e19511288bd0ab929ac78be861ba3f03c15e52d4\00861d9880ea718f826584a1e19511288bd0ab929ac78be861ba3f03c15e52d4
2024-03-26 13:04:39,660 - INFO - Check whether OLE file is PPT
2024-03-26 13:04:39,660 - INFO - Opening OLE file C:\Users\ricewater\Documents\paper_malware_doc\malware_samples\004fa86314e38cfd06aa21034e118367f991892789433fef983308c82ecd9d16\004fa86314e38cfd06aa21034e118367f991892789433fef983308c82ecd9d16
2024-03-26 13:04:39,660 - INFO - Check whether OLE file is PPT
2024-03-26 13:04:39,677 - INFO - Check whether OLE file is PPT
2024-03-26 13:04:39,693 - INFO - Check whether OLE file is PPT
2024-03-26 13:04:39,774 - INFO - Opening OLE file C:\Users\ricewater\Documents\paper_malware_doc\malware_samples\007a9b837968725f26d7894c9ad0be828d121f8a3095b8751f3df0b4f2e836ef\007a9b837968725f26d7894c9ad0be828d121f8a3095b8751f3df0b4f2e836ef
2024-03-26 13:04:39,793 - INFO - Check whether OLE file is PPT
2024-03-26 13:04:39,843 - INFO - Opening OLE file C:\Users\ricewater\Documents\paper_malware_doc\malware_samples\0085be76f66a4d51c202440ddf5c76d922cfd0c94826d85c4dbe605628b89dc5\0085be76f66a4d51c202440ddf5c76d922cfd0c94826d85c4dbe605628b89dc5
2024-03-26 13:04:39,843 - INFO - Opening OLE file C:\Users\ricewater\Documents\paper_malware_doc\malware_samples\0080d5b38ca93a4053d2fcacbae713c3125c79f3d2733825bdc27d6be7f7369d\0080d5b38ca93a4053d2fcacbae713c3125c79f3d2733825bdc27d6be7f7369d
2024-03-26 13:04:39,843 - INFO - Opening OLE file C:\Users\ricewater\Documents\paper_malware_doc\malware_samples\000fc87358f6a0eaa7b7ef7c905aead89b0bad54267f8f0415935cb9b25bfa59\000fc87358f6a0eaa7b7ef7c905aead89b0bad54267f8f0415935cb9b25bfa59
2024-03-26 13:04:39,858 - INFO - Opening OLE file C:\Users\ricewater\Documents\paper_malware_doc\malware_samples\0023c0768a94229c01fc43c29f422d55a0c48c6dcadbedc093bc21ffe0034ef9\0023c0768a94229c01fc43c29f422d55a0c48c6dcadbedc093bc21ffe0034ef9
2024-03-26 13:04:39,861 - INFO - Check whether OLE file is PPT
2024-03-26 13:04:39,861 - INFO - Opening ZIP/OpenXML file C:\Users\ricewater\Documents\paper_malware_doc\malware_samples\00364891d2fc7a5b9d6cf3f3aedb466a49d59ae1c63e2c49b5c4922e6c507385\00364891d2fc7a5b9d6cf3f3aedb466a49d59ae1c63e2c49b5c4922e6c507385
2024-03-26 13:04:39,861 - INFO - Check whether OLE file is PPT
2024-03-26 13:04:39,861 - INFO - Check whether OLE file is PPT
2024-03-26 13:04:39,861 - INFO - Opening OLE file C:\Users\ricewater\Documents\paper_malware_doc\malware_samples\0085d16cf02c7d2f8a95e57814e8858c9ec93f712688922b1bf897e57660433c\0085d16cf02c7d2f8a95e57814e8858c9ec93f712688922b1bf897e57660433c
2024-03-26 13:04:39,861 - INFO - Opening OLE file C:\Users\ricewater\Documents\paper_malware_doc\malware_samples\0046107fb3c49295f6ce926abf254ebfa0ce321c18d7886056add8a5c2c0f6a3\0046107fb3c49295f6ce926abf254ebfa0ce321c18d7886056add8a5c2c0f6a3
2024-03-26 13:04:39,861 - INFO - Check whether OLE file is PPT
2024-03-26 13:04:39,861 - INFO - Opening OLE file C:\Users\ricewater\Documents\paper_malware_doc\malware_samples\00138b128a84da30d2ba4553ed6bd0bd1ee2291140fb20988114b165a780f10e\00138b128a84da30d2ba4553ed6bd0bd1ee2291140fb20988114b165a780f10e
2024-03-26 13:04:39,861 - INFO - Opening OLE file C:\Users\ricewater\Documents\paper_malware_doc\malware_samples\004b9a049d08b443c7fc655afef88971bc96a743b1c8a526995261b1c0ad88e4\004b9a049d08b443c7fc655afef88971bc96a743b1c8a526995261b1c0ad88e4
2024-03-26 13:04:39,876 - INFO - Opening OLE file C:\Users\ricewater\Documents\paper_malware_doc\malware_samples\002ca5207a0651bcd415b1bfad5ce1c1758b63c9e1c0c797258db4cbdfadb3b0\002ca5207a0651bcd415b1bfad5ce1c1758b63c9e1c0c797258db4cbdfadb3b0
2024-03-26 13:04:39,876 - INFO - Opening ZIP/OpenXML file C:\Users\ricewater\Documents\paper_malware_doc\malware_samples\006dc4ebf2c47becdc58491162728990147717a0d9dd76fefa9b7eb83937c60b\006dc4ebf2c47becdc58491162728990147717a0d9dd76fefa9b7eb83937c60b
2024-03-26 13:04:39,878 - INFO - Opening OLE file C:\Users\ricewater\Documents\paper_malware_doc\malware_samples\002bad6a5409af1c677f6b4d7e81a218b6a21715a1549818d637806c3231be4e\002bad6a5409af1c677f6b4d7e81a218b6a21715a1549818d637806c3231be4e
2024-03-26 13:04:39,878 - INFO - Check whether OLE file is PPT
2024-03-26 13:04:39,878 - INFO - Check whether OLE file is PPT
2024-03-26 13:04:39,909 - INFO - Opening OLE file C:\Users\ricewater\Documents\paper_malware_doc\malware_samples\0065f3ae85261ae38802a013ee3ef2ea968f5c29765feb51b553d59f4fa03b0d\0065f3ae85261ae38802a013ee3ef2ea968f5c29765feb51b553d59f4fa03b0d
2024-03-26 13:04:39,943 - INFO - Check whether OLE file is PPT
2024-03-26 13:04:39,943 - INFO - Check whether OLE file is PPT
2024-03-26 13:04:39,943 - INFO - Opening OLE file C:\Users\ricewater\Documents\paper_malware_doc\malware_samples\0005144ebb03d2f5a5b17e21362c628ddc1705e910cfd56032b7b55c932b68da\0005144ebb03d2f5a5b17e21362c628ddc1705e910cfd56032b7b55c932b68da
2024-03-26 13:04:39,943 - INFO - Check whether OLE file is PPT
2024-03-26 13:04:39,959 - INFO - Check whether OLE file is PPT
2024-03-26 13:04:39,975 - INFO - Opening OLE file C:\Users\ricewater\Documents\paper_malware_doc\malware_samples\00811b4a43db0ac2a88c49f0f4cbda45da02316ba871e9e1fca39f1217a92f46\00811b4a43db0ac2a88c49f0f4cbda45da02316ba871e9e1fca39f1217a92f46
2024-03-26 13:04:39,975 - INFO - Check whether OLE file is PPT
2024-03-26 13:04:39,990 - INFO - Check whether OLE file is PPT
2024-03-26 13:04:40,008 - INFO - Check whether OLE file is PPT
2024-03-26 13:04:40,009 - INFO - Opening OLE file xl/vbaProject.bin
2024-03-26 13:04:40,009 - INFO - Opening OLE file C:\Users\ricewater\Documents\paper_malware_doc\malware_samples\0014b1f1b30b6bf13e6e5b7c10b2a5336cdd2b3d91c9f72338c4195920c2a56f\0014b1f1b30b6bf13e6e5b7c10b2a5336cdd2b3d91c9f72338c4195920c2a56f
2024-03-26 13:04:40,021 - INFO - Opening OLE file C:\Users\ricewater\Documents\paper_malware_doc\malware_samples\001ceb566b07a37caaff79ba3c1e290007e347ec904c398ec2a88358299c6714\001ceb566b07a37caaff79ba3c1e290007e347ec904c398ec2a88358299c6714
2024-03-26 13:04:40,028 - INFO - Check whether OLE file is PPT
2024-03-26 13:04:40,028 - INFO - Opening OLE file C:\Users\ricewater\Documents\paper_malware_doc\malware_samples\0038f79daa6af2bce1c43b92c055852a9246577bc17c466bd048ed33892ddadf\0038f79daa6af2bce1c43b92c055852a9246577bc17c466bd048ed33892ddadf
2024-03-26 13:04:40,044 - INFO - Opening OLE file C:\Users\ricewater\Documents\paper_malware_doc\malware_samples\005e9151ee4b6399cd27d282bd53104ef59bd89fd3fb65c05cd959992f770afa\005e9151ee4b6399cd27d282bd53104ef59bd89fd3fb65c05cd959992f770afa
2024-03-26 13:04:40,044 - INFO - Check whether OLE file is PPT
2024-03-26 13:04:40,044 - INFO - Check whether OLE file is PPT
2024-03-26 13:04:40,044 - INFO - Opening OLE file C:\Users\ricewater\Documents\paper_malware_doc\malware_samples\0029be753622f61dd9df4f42b41350d54b130f6dc50f8e73a2547aa461dcdbf6\0029be753622f61dd9df4f42b41350d54b130f6dc50f8e73a2547aa461dcdbf6
2024-03-26 13:04:40,061 - INFO - Check whether OLE file is PPT
2024-03-26 13:04:40,127 - INFO - Check whether OLE file is PPT
2024-03-26 13:04:40,127 - INFO - Opening OLE file C:\Users\ricewater\Documents\paper_malware_doc\malware_samples\007a9b837968725f26d7894c9ad0be828d121f8a3095b8751f3df0b4f2e836ef\007a9b837968725f26d7894c9ad0be828d121f8a3095b8751f3df0b4f2e836ef
2024-03-26 13:04:40,161 - INFO - Opening OLE file word/vbaProject.bin
2024-03-26 13:04:40,161 - INFO - Check whether OLE file is PPT
2024-03-26 13:04:40,161 - INFO - Opening OLE file C:\Users\ricewater\Documents\paper_malware_doc\malware_samples\000fc87358f6a0eaa7b7ef7c905aead89b0bad54267f8f0415935cb9b25bfa59\000fc87358f6a0eaa7b7ef7c905aead89b0bad54267f8f0415935cb9b25bfa59
2024-03-26 13:04:40,161 - INFO - Opening OLE file C:\Users\ricewater\Documents\paper_malware_doc\malware_samples\00861d9880ea718f826584a1e19511288bd0ab929ac78be861ba3f03c15e52d4\00861d9880ea718f826584a1e19511288bd0ab929ac78be861ba3f03c15e52d4
2024-03-26 13:04:40,161 - INFO - Check whether OLE file is PPT
2024-03-26 13:04:40,161 - INFO - Check whether OLE file is PPT
2024-03-26 13:04:40,176 - INFO - Check whether OLE file is PPT
2024-03-26 13:04:40,176 - WARNING - invalid value for PROJECTLCID_Id expected 0002 got 004A
2024-03-26 13:04:40,176 - INFO - Opening OLE file C:\Users\ricewater\Documents\paper_malware_doc\malware_samples\004fa86314e38cfd06aa21034e118367f991892789433fef983308c82ecd9d16\004fa86314e38cfd06aa21034e118367f991892789433fef983308c82ecd9d16
2024-03-26 13:04:40,192 - INFO - Check whether OLE file is PPT
2024-03-26 13:04:40,192 - INFO - Check whether OLE file is PPT
2024-03-26 13:04:40,208 - INFO - Opening OLE file C:\Users\ricewater\Documents\paper_malware_doc\malware_samples\0046107fb3c49295f6ce926abf254ebfa0ce321c18d7886056add8a5c2c0f6a3\0046107fb3c49295f6ce926abf254ebfa0ce321c18d7886056add8a5c2c0f6a3
2024-03-26 13:04:40,244 - INFO - Check whether OLE file is PPT
2024-03-26 13:04:40,253 - INFO - Check whether OLE file is PPT
2024-03-26 13:04:40,278 - INFO - Check whether OLE file is PPT
2024-03-26 13:04:40,278 - ERROR - Error in _extract_vba
Traceback (most recent call last):
  File "C:\Users\ricewater\.conda\envs\adaptclone\lib\site-packages\oletools\olevba.py", line 3526, in extract_macros
    for stream_path, vba_filename, vba_code in \
  File "C:\Users\ricewater\.conda\envs\adaptclone\lib\site-packages\oletools\olevba.py", line 2094, in _extract_vba
    project = VBA_Project(ole, vba_root, project_path, dir_path, relaxed)
  File "C:\Users\ricewater\.conda\envs\adaptclone\lib\site-packages\oletools\olevba.py", line 1680, in __init__
    dir_stream = BytesIO(decompress_stream(bytearray(dir_compressed)))
  File "C:\Users\ricewater\.conda\envs\adaptclone\lib\site-packages\oletools\olevba.py", line 1369, in decompress_stream
    raise ValueError('Invalid CompressedChunkSignature in VBA compressed stream')
ValueError: Invalid CompressedChunkSignature in VBA compressed stream
2024-03-26 13:04:40,311 - INFO - Check whether OLE file is PPT
2024-03-26 13:04:40,344 - WARNING - invalid value for PROJECTLCID_Lcid expected 0409 got 0004
2024-03-26 13:04:40,344 - WARNING - For now, VBA stomping cannot be detected for files in memory
2024-03-26 13:04:40,344 - INFO - Opening OLE file C:\Users\ricewater\Documents\paper_malware_doc\malware_samples\0005144ebb03d2f5a5b17e21362c628ddc1705e910cfd56032b7b55c932b68da\0005144ebb03d2f5a5b17e21362c628ddc1705e910cfd56032b7b55c932b68da
2024-03-26 13:04:40,377 - INFO - Opening OLE file C:\Users\ricewater\Documents\paper_malware_doc\malware_samples\0085be76f66a4d51c202440ddf5c76d922cfd0c94826d85c4dbe605628b89dc5\0085be76f66a4d51c202440ddf5c76d922cfd0c94826d85c4dbe605628b89dc5
2024-03-26 13:04:40,428 - INFO - Opening OLE file C:\Users\ricewater\Documents\paper_malware_doc\malware_samples\00138b128a84da30d2ba4553ed6bd0bd1ee2291140fb20988114b165a780f10e\00138b128a84da30d2ba4553ed6bd0bd1ee2291140fb20988114b165a780f10e
2024-03-26 13:04:40,461 - INFO - Check whether OLE file is PPT
2024-03-26 13:04:40,461 - INFO - Opening OLE file C:\Users\ricewater\Documents\paper_malware_doc\malware_samples\001ceb566b07a37caaff79ba3c1e290007e347ec904c398ec2a88358299c6714\001ceb566b07a37caaff79ba3c1e290007e347ec904c398ec2a88358299c6714
2024-03-26 13:04:40,573 - INFO - Opening OLE file C:\Users\ricewater\Documents\paper_malware_doc\malware_samples\0023c0768a94229c01fc43c29f422d55a0c48c6dcadbedc093bc21ffe0034ef9\0023c0768a94229c01fc43c29f422d55a0c48c6dcadbedc093bc21ffe0034ef9
2024-03-26 13:04:40,573 - INFO - Check whether OLE file is PPT
2024-03-26 13:04:40,573 - INFO - Opening OLE file C:\Users\ricewater\Documents\paper_malware_doc\malware_samples\0080d5b38ca93a4053d2fcacbae713c3125c79f3d2733825bdc27d6be7f7369d\0080d5b38ca93a4053d2fcacbae713c3125c79f3d2733825bdc27d6be7f7369d
2024-03-26 13:04:40,611 - INFO - Check whether OLE file is PPT
2024-03-26 13:04:40,644 - INFO - Opening OLE file C:\Users\ricewater\Documents\paper_malware_doc\malware_samples\0038f79daa6af2bce1c43b92c055852a9246577bc17c466bd048ed33892ddadf\0038f79daa6af2bce1c43b92c055852a9246577bc17c466bd048ed33892ddadf
2024-03-26 13:04:40,661 - WARNING - invalid value for PROJECTLCIDINVOKE_Id expected 0014 got 0002
2024-03-26 13:04:40,730 - INFO - File {path}: has no relationships and could not be parsed
2024-03-26 13:04:40,843 - INFO - Opening OLE file C:\Users\ricewater\Documents\paper_malware_doc\malware_samples\002bad6a5409af1c677f6b4d7e81a218b6a21715a1549818d637806c3231be4e\002bad6a5409af1c677f6b4d7e81a218b6a21715a1549818d637806c3231be4e
2024-03-26 13:04:40,861 - INFO - Opening OLE file C:\Users\ricewater\Documents\paper_malware_doc\malware_samples\0065f3ae85261ae38802a013ee3ef2ea968f5c29765feb51b553d59f4fa03b0d\0065f3ae85261ae38802a013ee3ef2ea968f5c29765feb51b553d59f4fa03b0d
2024-03-26 13:04:40,877 - INFO - Opening OLE file C:\Users\ricewater\Documents\paper_malware_doc\malware_samples\0085d16cf02c7d2f8a95e57814e8858c9ec93f712688922b1bf897e57660433c\0085d16cf02c7d2f8a95e57814e8858c9ec93f712688922b1bf897e57660433c
2024-03-26 13:04:40,877 - INFO - Opening OLE file C:\Users\ricewater\Documents\paper_malware_doc\malware_samples\00811b4a43db0ac2a88c49f0f4cbda45da02316ba871e9e1fca39f1217a92f46\00811b4a43db0ac2a88c49f0f4cbda45da02316ba871e9e1fca39f1217a92f46
2024-03-26 13:04:40,878 - INFO - Opening OLE file C:\Users\ricewater\Documents\paper_malware_doc\malware_samples\005e9151ee4b6399cd27d282bd53104ef59bd89fd3fb65c05cd959992f770afa\005e9151ee4b6399cd27d282bd53104ef59bd89fd3fb65c05cd959992f770afa
2024-03-26 13:04:40,893 - INFO - Opening OLE file C:\Users\ricewater\Documents\paper_malware_doc\malware_samples\0029be753622f61dd9df4f42b41350d54b130f6dc50f8e73a2547aa461dcdbf6\0029be753622f61dd9df4f42b41350d54b130f6dc50f8e73a2547aa461dcdbf6
2024-03-26 13:04:40,894 - INFO - Opening OLE file C:\Users\ricewater\Documents\paper_malware_doc\malware_samples\00861d9880ea718f826584a1e19511288bd0ab929ac78be861ba3f03c15e52d4\00861d9880ea718f826584a1e19511288bd0ab929ac78be861ba3f03c15e52d4
2024-03-26 13:04:40,911 - WARNING - For now, VBA stomping cannot be detected for files in memory
2024-03-26 13:04:40,911 - INFO - Check whether OLE file is PPT
2024-03-26 13:04:40,911 - INFO - Check whether OLE file is PPT
2024-03-26 13:04:40,911 - ERROR - Error when running oledump.plugin_biff, please report to https://github.com/decalage2/oletools/issues
Traceback (most recent call last):
  File "C:\Users\ricewater\.conda\envs\adaptclone\lib\site-packages\oletools\thirdparty\oledump\plugin_biff.py", line 84, in P23Decode
    return value.decode('utf-8')
UnicodeDecodeError: 'utf-8' codec can't decode byte 0x81 in position 0: invalid start byte

During handling of the above exception, another exception occurred:

Traceback (most recent call last):
  File "C:\Users\ricewater\.conda\envs\adaptclone\lib\site-packages\oletools\olevba.py", line 3435, in _extract_xlm_plugin_biff
    self.xlm_macros = biff_plugin.Analyze()
  File "C:\Users\ricewater\.conda\envs\adaptclone\lib\site-packages\oletools\thirdparty\oledump\plugin_biff.py", line 5320, in Analyze
    parsedExpression, stack = ParseExpression(expression, definesNames, sheetNames, options.cellrefformat)
  File "C:\Users\ricewater\.conda\envs\adaptclone\lib\site-packages\oletools\thirdparty\oledump\plugin_biff.py", line 1202, in ParseExpression
    stringValue = P23Decode(expression[:length*2])
  File "C:\Users\ricewater\.conda\envs\adaptclone\lib\site-packages\oletools\thirdparty\oledump\plugin_biff.py", line 86, in P23Decode
    return value.decode('windows-1252')
  File "C:\Users\ricewater\.conda\envs\adaptclone\lib\encodings\cp1252.py", line 15, in decode
    return codecs.charmap_decode(input,errors,decoding_table)
UnicodeDecodeError: 'charmap' codec can't decode byte 0x81 in position 0: character maps to <undefined>
2024-03-26 13:04:40,911 - INFO - Opening OLE file C:\Users\ricewater\Documents\paper_malware_doc\malware_samples\002ca5207a0651bcd415b1bfad5ce1c1758b63c9e1c0c797258db4cbdfadb3b0\002ca5207a0651bcd415b1bfad5ce1c1758b63c9e1c0c797258db4cbdfadb3b0
2024-03-26 13:04:40,911 - INFO - Opening OLE file C:\Users\ricewater\Documents\paper_malware_doc\malware_samples\0014b1f1b30b6bf13e6e5b7c10b2a5336cdd2b3d91c9f72338c4195920c2a56f\0014b1f1b30b6bf13e6e5b7c10b2a5336cdd2b3d91c9f72338c4195920c2a56f
2024-03-26 13:04:40,911 - INFO - Check whether OLE file is PPT
2024-03-26 13:04:40,927 - WARNING - invalid value for PROJECTCODEPAGE_Id expected 0003 got 0014
2024-03-26 13:04:40,927 - INFO - Check whether OLE file is PPT
2024-03-26 13:04:40,927 - INFO - Check whether OLE file is PPT
2024-03-26 13:04:40,927 - INFO - Check whether OLE file is PPT
2024-03-26 13:04:40,927 - INFO - Check whether OLE file is PPT
2024-03-26 13:04:40,927 - INFO - Opening ZIP/OpenXML file C:\Users\ricewater\Documents\paper_malware_doc\malware_samples\00364891d2fc7a5b9d6cf3f3aedb466a49d59ae1c63e2c49b5c4922e6c507385\00364891d2fc7a5b9d6cf3f3aedb466a49d59ae1c63e2c49b5c4922e6c507385
2024-03-26 13:04:40,927 - INFO - Check whether OLE file is PPT
2024-03-26 13:04:40,927 - INFO - Check whether OLE file is PPT
2024-03-26 13:04:40,927 - INFO - Opening OLE file C:\Users\ricewater\Documents\paper_malware_doc\malware_samples\0046107fb3c49295f6ce926abf254ebfa0ce321c18d7886056add8a5c2c0f6a3\0046107fb3c49295f6ce926abf254ebfa0ce321c18d7886056add8a5c2c0f6a3
2024-03-26 13:04:40,927 - INFO - Opening OLE file C:\Users\ricewater\Documents\paper_malware_doc\malware_samples\004fa86314e38cfd06aa21034e118367f991892789433fef983308c82ecd9d16\004fa86314e38cfd06aa21034e118367f991892789433fef983308c82ecd9d16
2024-03-26 13:04:40,927 - INFO - Check whether OLE file is PPT
2024-03-26 13:04:40,972 - INFO - Check whether OLE file is PPT
2024-03-26 13:04:40,996 - INFO - Check whether OLE file is PPT
2024-03-26 13:04:41,077 - INFO - Check whether OLE file is PPT
2024-03-26 13:04:41,111 - INFO - Opening OLE file C:\Users\ricewater\Documents\paper_malware_doc\malware_samples\000fc87358f6a0eaa7b7ef7c905aead89b0bad54267f8f0415935cb9b25bfa59\000fc87358f6a0eaa7b7ef7c905aead89b0bad54267f8f0415935cb9b25bfa59
2024-03-26 13:04:41,128 - INFO - Check whether OLE file is PPT
2024-03-26 13:04:41,128 - WARNING - invalid value for PROJECTCODEPAGE_Size expected 0002 got 0004
2024-03-26 13:04:41,128 - INFO - Check whether OLE file is PPT
2024-03-26 13:04:41,128 - INFO - Opening OLE file C:\Users\ricewater\Documents\paper_malware_doc\malware_samples\00138b128a84da30d2ba4553ed6bd0bd1ee2291140fb20988114b165a780f10e\00138b128a84da30d2ba4553ed6bd0bd1ee2291140fb20988114b165a780f10e
2024-03-26 13:04:41,128 - INFO - Check whether OLE file is PPT
2024-03-26 13:04:41,295 - INFO - Opening OLE file C:\Users\ricewater\Documents\paper_malware_doc\malware_samples\0023c0768a94229c01fc43c29f422d55a0c48c6dcadbedc093bc21ffe0034ef9\0023c0768a94229c01fc43c29f422d55a0c48c6dcadbedc093bc21ffe0034ef9
2024-03-26 13:04:41,310 - INFO - Opening OLE file C:\Users\ricewater\Documents\paper_malware_doc\malware_samples\0005144ebb03d2f5a5b17e21362c628ddc1705e910cfd56032b7b55c932b68da\0005144ebb03d2f5a5b17e21362c628ddc1705e910cfd56032b7b55c932b68da
2024-03-26 13:04:41,312 - INFO - Opening OLE file C:\Users\ricewater\Documents\paper_malware_doc\malware_samples\0080d5b38ca93a4053d2fcacbae713c3125c79f3d2733825bdc27d6be7f7369d\0080d5b38ca93a4053d2fcacbae713c3125c79f3d2733825bdc27d6be7f7369d
2024-03-26 13:04:41,312 - INFO - Opening OLE file C:\Users\ricewater\Documents\paper_malware_doc\malware_samples\0038f79daa6af2bce1c43b92c055852a9246577bc17c466bd048ed33892ddadf\0038f79daa6af2bce1c43b92c055852a9246577bc17c466bd048ed33892ddadf
2024-03-26 13:04:41,327 - INFO - Opening OLE file C:\Users\ricewater\Documents\paper_malware_doc\malware_samples\0085d16cf02c7d2f8a95e57814e8858c9ec93f712688922b1bf897e57660433c\0085d16cf02c7d2f8a95e57814e8858c9ec93f712688922b1bf897e57660433c
2024-03-26 13:04:41,363 - INFO - Check whether OLE file is PPT
2024-03-26 13:04:41,379 - INFO - Check whether OLE file is PPT
2024-03-26 13:04:41,396 - INFO - Opening ZIP/OpenXML file C:\Users\ricewater\Documents\paper_malware_doc\malware_samples\006dc4ebf2c47becdc58491162728990147717a0d9dd76fefa9b7eb83937c60b\006dc4ebf2c47becdc58491162728990147717a0d9dd76fefa9b7eb83937c60b
2024-03-26 13:04:41,396 - WARNING - invalid value for PROJECTNAME_Id expected 0004 got 0000
2024-03-26 13:04:41,399 - WARNING - invalid value for PROJECTDOCSTRING_Id expected 0005 got 0051
2024-03-26 13:04:41,400 - INFO - Opening OLE file xl/vbaProject.bin
2024-03-26 13:04:41,402 - INFO - Opening OLE file C:\Users\ricewater\Documents\paper_malware_doc\malware_samples\0065f3ae85261ae38802a013ee3ef2ea968f5c29765feb51b553d59f4fa03b0d\0065f3ae85261ae38802a013ee3ef2ea968f5c29765feb51b553d59f4fa03b0d
2024-03-26 13:04:41,445 - WARNING - invalid value for PROJECTDOCSTRING_Id expected 0005 got 0072
2024-03-26 13:04:41,500 - INFO - Opening OLE file C:\Users\ricewater\Documents\paper_malware_doc\malware_samples\00811b4a43db0ac2a88c49f0f4cbda45da02316ba871e9e1fca39f1217a92f46\00811b4a43db0ac2a88c49f0f4cbda45da02316ba871e9e1fca39f1217a92f46
2024-03-26 13:04:41,500 - INFO - Check whether OLE file is PPT
2024-03-26 13:04:41,528 - INFO - Check whether OLE file is PPT
2024-03-26 13:04:41,545 - ERROR - PROJECTNAME_SizeOfProjectName value not in range [1-128]: 131075
2024-03-26 13:04:41,548 - INFO - File {path}: has no relationships and could not be parsed
2024-03-26 13:04:41,549 - INFO - Check whether OLE file is PPT
2024-03-26 13:04:41,551 - INFO - Check whether OLE file is PPT
2024-03-26 13:04:41,552 - INFO - Check whether OLE file is PPT
2024-03-26 13:04:41,552 - INFO - Check whether OLE file is PPT
2024-03-26 13:04:41,552 - INFO - Check whether OLE file is PPT
2024-03-26 13:04:41,552 - INFO - Opening OLE file C:\Users\ricewater\Documents\paper_malware_doc\malware_samples\0014b1f1b30b6bf13e6e5b7c10b2a5336cdd2b3d91c9f72338c4195920c2a56f\0014b1f1b30b6bf13e6e5b7c10b2a5336cdd2b3d91c9f72338c4195920c2a56f
2024-03-26 13:04:41,552 - INFO - Check whether OLE file is PPT
2024-03-26 13:04:41,552 - INFO - Opening OLE file C:\Users\ricewater\Documents\paper_malware_doc\malware_samples\0046107fb3c49295f6ce926abf254ebfa0ce321c18d7886056add8a5c2c0f6a3\0046107fb3c49295f6ce926abf254ebfa0ce321c18d7886056add8a5c2c0f6a3
2024-03-26 13:04:41,567 - INFO - Opening OLE file C:\Users\ricewater\Documents\paper_malware_doc\malware_samples\00861d9880ea718f826584a1e19511288bd0ab929ac78be861ba3f03c15e52d4\00861d9880ea718f826584a1e19511288bd0ab929ac78be861ba3f03c15e52d4
2024-03-26 13:04:41,611 - INFO - Check whether OLE file is PPT
2024-03-26 13:04:41,612 - INFO - Opening OLE file word/vbaProject.bin
2024-03-26 13:04:41,628 - ERROR - Error in _extract_vba
Traceback (most recent call last):
  File "C:\Users\ricewater\.conda\envs\adaptclone\lib\site-packages\oletools\olevba.py", line 3526, in extract_macros
    for stream_path, vba_filename, vba_code in \
  File "C:\Users\ricewater\.conda\envs\adaptclone\lib\site-packages\oletools\olevba.py", line 2094, in _extract_vba
    project = VBA_Project(ole, vba_root, project_path, dir_path, relaxed)
  File "C:\Users\ricewater\.conda\envs\adaptclone\lib\site-packages\oletools\olevba.py", line 1752, in __init__
    projectdocstring_id = struct.unpack("<H", dir_stream.read(2))[0]
struct.error: unpack requires a buffer of 2 bytes
2024-03-26 13:04:41,712 - INFO - Check whether OLE file is PPT
2024-03-26 13:04:41,761 - INFO - Opening ZIP/OpenXML file C:\Users\ricewater\Documents\paper_malware_doc\malware_samples\009f71de09e839befd15be787f575e152c07012928ce50b5ff7193871c96c424\009f71de09e839befd15be787f575e152c07012928ce50b5ff7193871c96c424
2024-03-26 13:04:41,778 - INFO - Opening OLE file C:\Users\ricewater\Documents\paper_malware_doc\malware_samples\004fa86314e38cfd06aa21034e118367f991892789433fef983308c82ecd9d16\004fa86314e38cfd06aa21034e118367f991892789433fef983308c82ecd9d16
2024-03-26 13:04:41,962 - ERROR - Error when running oledump.plugin_biff, please report to https://github.com/decalage2/oletools/issues
Traceback (most recent call last):
  File "C:\Users\ricewater\.conda\envs\adaptclone\lib\site-packages\oletools\thirdparty\oledump\plugin_biff.py", line 84, in P23Decode
    return value.decode('utf-8')
UnicodeDecodeError: 'utf-8' codec can't decode byte 0x81 in position 0: invalid start byte

During handling of the above exception, another exception occurred:

Traceback (most recent call last):
  File "C:\Users\ricewater\.conda\envs\adaptclone\lib\site-packages\oletools\olevba.py", line 3435, in _extract_xlm_plugin_biff
    self.xlm_macros = biff_plugin.Analyze()
  File "C:\Users\ricewater\.conda\envs\adaptclone\lib\site-packages\oletools\thirdparty\oledump\plugin_biff.py", line 5320, in Analyze
    parsedExpression, stack = ParseExpression(expression, definesNames, sheetNames, options.cellrefformat)
  File "C:\Users\ricewater\.conda\envs\adaptclone\lib\site-packages\oletools\thirdparty\oledump\plugin_biff.py", line 1202, in ParseExpression
    stringValue = P23Decode(expression[:length*2])
  File "C:\Users\ricewater\.conda\envs\adaptclone\lib\site-packages\oletools\thirdparty\oledump\plugin_biff.py", line 86, in P23Decode
    return value.decode('windows-1252')
  File "C:\Users\ricewater\.conda\envs\adaptclone\lib\encodings\cp1252.py", line 15, in decode
    return codecs.charmap_decode(input,errors,decoding_table)
UnicodeDecodeError: 'charmap' codec can't decode byte 0x81 in position 0: character maps to <undefined>
